ERR bafybeifrq6agqtqbhhmfjve7we4wglgkce7gpexdxhltj7zyumhk3yjc7u
HAS bafkreiapmd5yggqcwz6y4rn36jc2vl4vrbsgmky5zfp6qhijxcx66euhqq
HAS bafybeidgy7vukjtct2k5frg4xniysw42z3hjeyltgbon5flhzcxxggxi4i
HAS bafybeiag66br4oux64p3q2eujsl7fja2gbexuzathv3nzyfxvxq2ep6oci
HAS bafybeihxuqhw7weuaabwjsc6ybrcaep24c7cojxy527x5khhzv34oiefxy
HAS bafkreidu4gqkzqxnbcwoncpwzlyp4fiheip5loo7ok3hvahqyf3t2byjlq
HAS bafkreia2c64uqq226j3ion6muy75pvm6ayomqrgpqrmvuq2tyrsfcr6jpm
HAS bafybeideyjgrbdupaoyrygppbfqs74xyxte4rv3n4a7xqazdjr2smel6ji
HAS bafybeibwaqnpwnmjqc4vfmc4wyezg6builxyjpdjkkrnqrpl545vxppszi
HAS bafkreif7xytlxay3l5rwmygxjap2bydcafmktk524xk3zt7grwlkpkmqxe
HAS bafybeifirdbpw4horvprxepcewl6nguanh4x24wqskmcvo3wtn2ufrlkey
HAS bafkreibfljsziclxz2de4rzz5skjug7dghazuhcysmte7ldkfwwmpqio2u
HAS bafybeiej3rxpc4gdy5lwtqapysrpov6g3jwmyq44d34lghynbsfeh7lnu4
HAS bafkreibqwmqz55pef4ninw6f5oruc7ujeg2ooebfdjdvnuuj2igspy4wem
HAS bafkreiedhzgf3oytzygfke47bklzbjjpoi4dzhfobjeh5jxwpb3siujtpu
HAS bafybeib725af3j3eaknhje5ucraeulqjtqhcqtbindh62zoa7ju6uwbmrq
HAS bafybeihooy64tij5yxald5lgcuzudnip3q3x6nehezaciupekr2shzizbe
HAS bafkreieegklg3uv2qdffzixgvzkwt5b7y6ucknmxkxyfaj22qfeexf4dba
HAS bafybeihdg4rqoa3ojyvuz47u6sm3r47bhuiyp6yncaiqgruats3kgx2hjm
HAS bafybeifnbb7kgwslmb2cqjtjmgnttmn2xm4zmou7i75yolxwzjmxwezkim
HAS bafybeidojczgh577eckyz7ovdiglvfhmmtiydslxiwdlmzrzmpwrtx4y3u
HAS bafkreif5nn56bzao6w4sojfctxgichxv5mfpxsdsfhftu37zifwwblxa7u
HAS bafybeifpzhpvyi33wcqecm34mf4wh7avhqudlftnwjnfnucui3zf6ihgea
HAS bafkreieirmrdkxenywhdwtgxpg466wi6q5wuwbw3yt5bg3hgbx55kdiydy
HAS bafybeifxf5dqxmt2kmspjm7er32lgkzlix3ft3iivmtzzdqffwdnp3brva
HAS bafkreighg3dkot7hsncjn4nwyjc457tipogdkmbbndzpcrt7xiebqxypwy
HAS bafybeifka4mgty7d6inxfmloxcd2phad7sowx3vvkevveraqimsgkg2z2e
HAS bafkreicegwfiivb3l2kfkuqsuxtm4yydkqeuufu5x734mcp6oxnzbzxbqa
HAS bafybeidhkshjwxoa6hybofipyk5pyvlapeztaobnvnufgme7qpsvxl3qfa
HAS bafkreickjuw54wpdq6q3wnkebmgyi2fke7brxh2cfblpbwnrt3zdb7ywde
HAS bafybeidqrqzuzyrtous3dq5o2tdvnl4fllfzhttcic6aqbspfkpmogap4a
ERR bafybeidbie4scd6d5ku7b4dnyw5owhaxafmovawxrfocvzlbx2qexzyfa4
HAS bafkreiahv3du6wjdbbkjfen3fm7qkllrft3mx3ufmmzack73a6cao7qaxe
HAS bafybeiaivc3gve7ezz6ksbnxvqaga7ukqrtwups6y6xcbe4x4j3smjxozm
HAS bafybeifbxgb4sylscio66hh35rthvondpib6ckkpi4epa5xykwjvlf4gvi
HAS bafybeiav6lmo7vwndrf3cqedjsm3uhtpcade7tnotbtaofb32whp7dfc2m
HAS bafkreih4xzgnudadj6cuqdicikbmqk2gky22owlp3bcejbl4rpjcduarg4
HAS bafkreidewicohpg7ydw5nddokyi4vmntbsqcq46fyysf5ko43zazil26ri
HAS bafybeid2n5x7uqiqt765gozag2x3riiyvuihyeenkuumqgetsmk26o2vdy
HAS bafkreiajyqoy7yhtcrbdhwba5rb5aminx2eue7ihoqnob6cvteb3sqnsqq
HAS bafybeig3nluis4bwho6pest256dqukr56l44xt62nb6ykhpxkl67ce3zfy
HAS bafkreicthqwtiffbjw6ai32obs2buj33ccfpfhm56zmb4hpukxujrsuhqa
HAS bafybeieblnjkfprijv3mym6feyb5lh7ojaxsthjne5rq3bwsxeob6o6ccy
HAS bafybeieosj3gbtocgfqegxg3qz5ncxkyc7fsu3ndujvoqoyypnwdyrv22e
HAS bafybeibp3mry73n4w2ujk5z4roanf4nzrpumoe4ih4a5fqzyqf66fbf7yy
HAS bafkreidskmxbzpourjjnz64jtwkzbfmziqlruyzem5cpp4ysc62lzzs4hy
HAS bafybeigi2dtemklvbalhndbhqxdmias3vqdaqjmwi54dmtrwaow523b2q4
HAS bafybeigdb5rlh6gfy3t35vgjehdwjsvupl2uix5ctdczj7l4umk2icz5ui
HAS bafkreielcxisj5nyhynohxyzluq2cxkw73ztingzlzgmcif2yb2ybm4lk4
HAS bafybeiet5egbeltbu5nsr2i3nmd57c4prcfrzenbmzmkujj5trpwuayodq
ERR bafybeibqkhfwhewzllrgc2teg3ludkff4qwz6tjrsqiohjpaa6adsaie6u
HAS bafkreif3msavqaudppxxvbgsnbj6p74xzj4lw55fku7bw6gmuh7ocoyzsu
HAS bafybeifpefw2rd74qcdsnhxy4alqnf3ngxmrda6azurftn42w2nsfquqqa
HAS bafkreihrudufbua7upnmp2ff2o6bvajb2qzu5oec754ssb6wkjqbhgvstu
HAS bafybeihwrs2doz6aiqrismy4cmlfnyb4usndhlayfxa3sahjulyecvjmxy
HAS bafkreiatlqqvprvotvxlofh27kppcatthftosbz6k3iugfrssux756j6gq
HAS bafybeiexacrxvd7uz7nrtbvmmr3lkr2ry347cc47ffvaf67bpfltool7gi
HAS bafkreiajou52gi72ppwaybtgmyaz377l3l3gcnswsmt3ryqaj5wstod2s4
HAS bafybeibk6wwgq7zj4you5fndsynywuu2rf4cfdawuxbfzo5djp4ym5vkda
HAS bafkreigf6msqpvslkjk3vdadgvmm6qq2xju43jyip2ghtraaqyj3d32rze
HAS bafkreifro5audjzgg2ocuemftr5owy3ogo3jzhvdp2aduhap73bne7ewhq
HAS bafybeicnhpjgiozsjbt4y6574xjw7wh36bw5fczolaox3mjhu64727d4sa
HAS bafybeidvxj2db47hivm6vmm56kqz2anebw4yaxedof2b47oswm7vv47yay
HAS bafybeifvnvdbivk7sccninyolgks5fpfa3r2d3qqx5vklui2pfutpcxnoe
HAS bafkreibnlbgqz6sjbf4tftb5jx7mbsoeqbbvmxjqadc2yu7lf44w5dhvmi
HAS bafybeidscpgfn3gt2wfkvh6ztxgwftzkrtn6ad37646chl2nbiocqbju5q
HAS bafkreigz7ae3sopoadpuhsxbmd7bwkdl3ohp34agupdkdms5wh5ufpy5oe
HAS bafybeic53tuzjvvt3dra3sskaotjuhc432siv2jgfsgoqtjh3bwwjalyza
HAS bafybeierqsclv2eq2s52mbxy5kd25yxjzc3ia6xvrazjo5ca6ti22imyiy
HAS bafkreidhf3bm3uuxmseixfupq6hkk4bppfd642wj6h57bqy22pcvdftqkq
HAS bafybeiau52jspfvgd4fj4hjwj7nwhqcqmt7blizx5qbwni434xcret47m4
HAS bafybeiedtqsmwpphit6wd5qaafjvqehm56ns5nv2crswepeujmjfzuwcuq
HAS bafkreiducwhfmgw3fbbxsoook4wl52ex5phprim34rglqfxc2lrfcajj2e
HAS bafybeia43judwn3wocb5gc35fjepqlquf46cjdo6gi2cwisex34fwkleyi
HAS bafkreigle42jx5ilk4frwof2tg3uytmqilko7bsheiywn4o2qpanzo5yg4
HAS bafybeihwm4mfnyzrurqlfp547fshiqtyyokiydu4oxnckomevgxcmnkx3y
HAS bafkreiewi55bgyt266r4ndmpphibws6bbfumzfaqxmdsyeqmvpkagph3ve
HAS bafybeias66vocbxhtgkb7diqo3gxycdk56jdbhjghhjunk75wtx2to253e
HAS bafkreieobdfm4ms3vprncaga6hjuhbjzq5czugmk2ek2gf3b7xuc6hv7oe
HAS bafkreibixn6w5oz2u64mmip6iu5obfjuu5nqo2rdnif747ytffahqwlwpu
HAS bafybeibkzt7mjaw5vdyy3lly65co5bclpgxilxr76gbsnwjgwzlr6ukbcy
HAS bafkreiehxe3akns4euiyjtwem2rgmqr5q4a7jybntgz3idgfjwj5gfdaey
HAS bafybeihj557w3wepgvofvmjvezjbusiodtzxxa4k4lya4zju5uon4qexbq
HAS bafkreibm4z5zyehnauug7sdtcuel7pztgtr5lxa2yixaiuyl2nbs7huwue
HAS bafkreiacnty5rvhftl6j6jxvv6sl3czpjnvz6g6dnbssf6z4pbklq5q75e
HAS bafybeibgivtxvfx3xgr44lqgtoqzk7ub6x7zjjck7i3jahdc7aonpicl5q
HAS bafybeiadh7ca76x3ti7cdeyz55kf2yn7wu46kh5fdqggag2ojlm26dovdm
HAS bafybeics5awc4iajknxeudefprgr25ytpb5yhebqe6yogm52ii42zynu3i
HAS bafybeid6lurpeqhm27o3q6iqvplzeqtty6ixlrav2jhbeu6v3fuozkxade
HAS bafkreigu46twewjkjaj7zkllrwpilf2wpo2dukvatcenq4gkxgpjacmk5i
HAS bafybeihrdb342frvsqa43ajyrfx3argffumzpvhx3pak5xgahjfq6zzzv4
HAS bafkreibxaqfe2hwmgjuuc4nadjfkyk7fxj7ewd4nxhmru4jpcm7plg2nlu
HAS bafybeieem7ngnfpgdynocjptb4ugr3u6746o6e5wyaruip3epo3abmzn6a
HAS bafkreicxnw3mvrez7wkpnk4pmijsrvt4oigz32wgor5xn3eleieok2uupa
HAS bafybeiaetwdjar6rgnjb555qvxnqpmmwu7fxo53mz3xlwhmafjnoifw4t4
HAS bafkreiavt75zrvgdhnn4ngnhoes4cm4sczoxezobbr3yu5yio5qrxr4hei
HAS bafybeigv7obysqiikjf32agud5slwvv3qrjqibfwipiwikzt3drzdnlwve
HAS bafkreibfbkx7xqdqejxabwajdyhiju2ux5wa6atymqhwhmojd6o6c3mhve
HAS bafkreidtiqvfk5mtjwtx5nas4l6jzmjout6yiwzqiws2ston52zqngy7jy
HAS bafybeie4ohdeerffhjufepfjvdeqewazvjlg5bwhui4prw2tcmhghkjqwi
HAS bafkreid26cn2y2rmbs5usfpunenhxvs7rg6g5wygjbbwamq5enjemzreni
HAS bafybeicwac5cirkgtpyymdbuhnhzjmejpzwfa73otcuuonxroizvjvc274
HAS bafkreifhnymx3rtr5vkz5h6sv4ybucr5conqjbmyrhqlq4usox7y6a45am
HAS bafybeicdnpyijuaazcehth4dcpiycrn23vnhsbl22mgzicqp65xrncis3y
HAS bafkreihc7bvdwskm5ipovao7nibyiyj75lhadb5adgr6lyvg757ndaszne
HAS bafybeigtfd5ndl2ak3mglzb4ydm26dpgscihuvzg5v65ybrj7slsxokzri
HAS bafybeibvt2fkx5b6egbr7n7pa6zxvryqxybw3h6jv3ostufhsgu3tno2ii
HAS bafybeihcjnmxhbhivzw4ic2vl6dx5wk3egtk353nqqmej6xx63s5bfzgcq
HAS bafybeic7mt3tuxjvowdcp5jdi4qziiohzsxp2ycvf3sbbaxsmvg4jhkwdy
HAS bafkreic34wqd2svn3u7nkuxhtxepyqkkd56sezfjtm4lpfrzzb67kgxkta
HAS bafybeidyx6ocwqv37gxc2igwxz45gqwvimlt4aqnmweoelucth7o6i6kuu
HAS bafybeihtcdk6g5hsd3ykso7s6dnoxq7ggxv7dr4hkoizifed3zrvugf2ie
HAS bafybeiezff7tvr3kpudobnsnvv3slubzwtkcmjk6wxfgzxd3dvkriizrp4
HAS bafkreihnockr6bxznxdh7qxifj3oyorp74sw6t6iufz2swpbxi6sfeohhm
HAS bafybeiggai2xb7jz6be25hkaxjsgy2kbgejym3svhiu5vpkaornos7rccy
HAS bafybeigskfh67rru756lmxod5y674sb7f7llxxgoeflvz74vntg6k76mwu
HAS bafybeieghbjv2t4cccwr4dmjcrzfxpiheihrdoz6a2w727qxscby6xaqt4
HAS bafkreie4jyn7m35yme2c37eajnfsavabra3knvnvqkqvapmezh45uhijvq
HAS bafkreiatumvexfouu23hpqv4soqmxprssq3jsseq3lfi4sd6rlhdpnwzlq
HAS bafybeid2n6ro4mwztljozdigzg6ztmd6bejbqm3ww6ivvaumkgyazreib4
HAS bafkreier2j2ennocpf2twe72fsffx62zjimx5bsyvgklqt2nodbei6376m
HAS bafybeidm6wvhizvg6xlzvzhwtnplakd7g5qipzauok7a7vp6hexaei5ixi
HAS bafkreic3rq3hvggq6tecga2pqur7xpt67v3uc3juv6tjeqt26pnvs7hihy
HAS bafybeig7634gsa4l2r5au4eab75murykkdoqwp5ahuvbzceuchugxcuueq
HAS bafybeieuherpoldc2g7afkzvvuyfmgtnxz3jlmslan4ov34qnsgta6ubni
HAS bafybeiccen5tl25jumbupqo77dvgzskerngn5e5rjz2an72i2v2v2zec7e
HAS bafkreibpmliz3ubexsmhjvpvxalltg2weoo6ogrjfeivrdlbedkpwevz3e
HAS bafkreifyws2gckwozlqp2x23neg6u63h6efqnqswhyhpdltecurl3wey7m
HAS bafybeiczycvqdwtnvj4ogwr5xeimpa5eppcijl5zfv35dxyzwqqdi5o55m
HAS bafkreihkqkiv2eykfqdi4q2t3kullf6hfcbklaskme3vtftrou7c7vabky
HAS bafybeiah3fcthewktaonss5dxiyrus6fzhopy3hnvfkhezjgdl72dqr2dq
HAS bafkreigtoxe7hgthtsxiop6zkho6rjmyokggikgldefhnuccpaan5q5x6q
HAS bafybeigzvs7exy3wz56uvtwnfrglntx3leftehb4bdhwtw7jwl46hmwzvu
HAS bafkreidvkdxqnkm5mizn524sdxscoeleablo4mee5rfyj2e3aj6skcqaky
HAS bafybeiflcepcbrb7ojxq5ww7dkaqc2ngvpbmy2cybtk64zgpv67jvwhacu
HAS bafybeidfghyy4cpyzqkjqwgu64bpq2vh2z5ygvuz55xvqw4nrqlpqtoqay
HAS bafybeib6o4nkd32soadle5q5snf4dv6guj5c2wxnby3wfj72y2h5gzdeai
HAS bafkreihuktmw2ii3uziofrxuzbard5jcsnwefmuknrsb2gidha52xifuqi
HAS bafkreicqakfe6o3rkzrey3luegl3xtgfh6gazd35tcugh7iz4jaxdlzzga
HAS bafybeiblvsdilfti3h53mgqtb32l2ztfa3kam4gblm6edbycbw3nyizndy
HAS bafkreiccn7nxnowz5ubszkfc47il727x7puearzuqnaol6qn6f6uxyrcua
HAS bafkreiaj6krchopeqgrbtwkzpprnspn4slady6dbr7swtdvnlolipa5lam
HAS bafybeicinvcw3v7xuls3pdj4shfruhv7lyhjk32jzqmga4q25cpfapr544
HAS bafkreiebtguqh2acbu3eizhsefxqigdmmvrcuuatol65njvb4xizdyidqq
HAS bafybeidrq22shi3r6yz753kd4rorcu4oq3tvnojtfa6ykpcxjmfs6lk5mq
HAS bafkreieqy2kzgs3nz5wz4bs3d4s3livs3c6vsy2yn23spgq7g7aaayt2lm
HAS bafybeihcf2td7ilmt7inwjcpczoo2tubx2hnrcqfbu7ljluknpn6ngvkyy
HAS bafkreiawqrffbtelzcth2qy6l7kygn7fv3lpazerwzrnx7ekchwfod3r6u
HAS bafybeibmqgntu4ur2lr4zu3m7hewg5z3augyd5ukjosf6ojcm6pokr6b4q
HAS bafybeia7iitodx6mjqytl7zm5oj6lmrcziwscnrkgklla2a4crygzliy6i
HAS bafkreiajgxc7qzqpiwazyydtc4myssi245wznwj2xz5ybyckxjebbbzwoe
HAS bafybeiadnfzetvz5u74vl4okjdnj2owwm7bo67gva6s2uudwz6reuu23jy
HAS bafkreicktg6svoojhkrtniglazvfrdjfpdwhygfruzb3254kzfotdsgkxq
HAS bafybeifo7ppkdbzvuzglrb2enqsv3twksjq67qd5h7rfrwsajeszunonju
HAS bafybeiehampdont4j7kjwevubez3sj4523f3xtfauaw3frexs5rp2cy7my
ERR bafybeihsysy66y3r6rzwd4izlnsv6whxdhrybiwz66qircpwsgzmsc3f3y
HAS bafkreigskggp4szxtlr6h6arowjvxjbw3ptiqhlt6vtojot6b32lf4z4mq
HAS bafybeicg6eb4emesj5b5ieedtvsoi24hzddvled45yk2ejm6jpfpixzaei
HAS bafkreicdnj2gguga3icpkykwt22ucjuay5vxaaxhlhill6qtfltwri5hha
HAS bafybeihgs3swfzfsyvmxhfsypyksyc7hr352qz62gpz73w54gz2ydzyrti
HAS bafkreicsbrbbsygxykj436xlwg2i4xxph2huh3qkgogzgjwo5ycx24dx5u
HAS bafybeigtpxsdkjrsez2ilwerqfweebst46ttkov5jcls2vb6m3jwxexu54
HAS bafkreialg5kt3pslaxaq7lvnawrzjm6vkxnacrcfmgwf7ocihrkjaoj65i
HAS bafybeignuyeaelxoumgaywnxdqyzp7vimpmtvsny3uc45o3po4gx53agqq
HAS bafkreieobiobcao4ftc5n3xt5q7tmdp43woiqqgqtcozmfkeoynpo3zkry
HAS bafybeiaott5emoeqtv6i6bxk2cdg4myvps3ktdw2venai5jxol7g7vqb7y
HAS bafkreictm6keuvxnyus7tkkmhzceaguaf6j7ung73krxcnltq3q42znubu
HAS bafybeibat42xizrkd7gpcwy5zvl4avoqdjkph6cgk353xetml7okcqq5qy
HAS bafkreihoa4cuv423ku4pkkfmscfstpvgejtaiflimiurfyi3ktvsm2ka5y
HAS bafybeibrs74uqrmfocdigffj73sfmcj45w62x37l5y4b2tpv2qsmbdpitm
HAS bafkreiar3wjfb3dqer5dadmzxzg7qxyokw4oshoqfbnuikfx5einnw4ybi
HAS bafybeidoflnc6vrt4k23prtu6mv6o5yhigidv7dojzxfi7sksc6e77d56a
HAS bafkreigj32npytkpiv6s3xra2pnjl4lzb6424m6m24hlbuboa4a6sg64zq
HAS bafybeicclie2mtggbk6ez633qnmgfyvuhqp2za26lnrujxr25vn52fztfy
HAS bafkreiaonkklri52qwwosqklnxzxgbqd2kgljw37e34jc3voqkpcgqiu4u
HAS bafybeibjizgw3qvwdz7xccbdubsknitapjfmecrauvikusmsczazj67vuq
HAS bafkreie252oh7wezzgqryabf43guyodgq4wgzwtxofrxqlkhvlfdsftcwu
HAS bafybeiaqvam7lefexlxnyfukvmjw7urfqprtmxsosct2jbb3psos3oa4ka
HAS bafkreidhay6ji6gm2oh6vgrylj7fq3ouqgcm2dzni4o7gxf3adxczt2t5u
HAS bafybeieemtyxeziip6qvtds23irssexralb4ejemgcobdaxfor66lopepy
HAS bafkreiheprfiru54wdskx2ck5juzhogmyyxh6bqteegv4zytp326ifnnky
HAS bafybeibbqnfavulkv4pmtwwiwaf24nfgkhs5mqhvawsilqgqrvthfc3uji
HAS bafkreihoz64cz3rz732mtu2a77sn55uuwpfzztb7ablbcsdbpozehnyfqy
HAS bafybeia5ohr74s332zs5f46wo6o54w5kvi56idwasl5ouc7xkrspmctu44
HAS bafkreidtk3wxj3dgvx4fr44czpepcvwk6phqymzsakorrrpkxcdlagasfa
HAS bafybeigoxgxrdlze5a2iyr6dzd4osobxrhf3gelofxncuiiof6az457ipe
HAS bafybeicsqa3edbp7qqli5ijst5zr65fmgavie7poizvrfr4kmwhju7datu
HAS bafkreicdkbmded2rxo7z2xrsozooyhbwl6ejx7hwmwdpmxqbgfrfewh6cy
HAS bafkreicep4gbx42pextzihhivbytpgk6u3u4wjdxz3dk5tfyhvozefueuu
HAS bafybeiarxgrigztrjaxxvbjpom3zdynhut6olmjwskshws2ht6ysxy55ui
HAS bafybeihyjuawr7gznugtynmvjpjy7rgwo2jalmbpuecjzryg6uspfcawtu
HAS bafybeici5japb4tqh6cebkerju2fabprltgbjav34l74pqnyknwfdxbqgq
HAS bafkreihsuax56g24m5vgdo4mvjv2khaxmgnjs5wfdgoal52zwwxaos2hky
HAS bafybeihe6zmpkqqx5bopybrw4hc6vb76g2l2g6tom6abvo7ifp5zv34yuy
HAS bafkreiajrlexin34tl2yojziubr4x4s3dg4n2gane22smxeqnboi5ly5km
HAS bafkreiba5imtwnju7mygqhohunl6j4kyha3uk54dauasngj6benqtpck7m
HAS bafybeiatf3fgef25jk5fep7lle5vbqo226czfid56zaugac74dblbsyvhe
HAS bafkreie5bdjulaq74zmvge3eup3we5njhmjdjanmozjufy3q75uumphjdy
HAS bafybeicj2pfiavxp7rmumif5qzmn5scgsz2hadwf2rbn4dfp6d3p43m53u
ERR bafybeihltjpmsb257arf37ggruiehqrfdtziu5k4bydjawwvsv6kp6prou
HAS bafkreigmpzz6s2jdwp6ewfvosnq262nixnhtreptlv6bztbdnppnzi465m
HAS bafkreigmpzz6s2jdwp6ewfvosnq262nixnhtreptlv6bztbdnppnzi465m
HAS bafkreigmpzz6s2jdwp6ewfvosnq262nixnhtreptlv6bztbdnppnzi465m
HAS bafkreiaxay4gfsvi6xdpiach3l6utb46erkofb2dgc4bjlenfymgzglcum
HAS bafkreici2obdiccfrn5t7g77cpb33maveuqqweoe3vkigkq75litnqgose
HAS bafybeie3jd4xhka647hgx4bgzyqlhwvxeuwbjcbwoc5xxfi5xxc3uvnsvu
HAS bafybeicpvqhlseuxy5jksxhy75qqk7ky4w25uj35zfkmezl222gwihtxku
HAS bafybeiepggqvy3hyalp3qgcmarbddj5cimsifxuc2uarpr5v7xnzxfacam
HAS bafkreifceax2osmswtha35up4z5pvdoc4xgbkfwi4w4onvuy3fwh5btrvu
HAS bafybeigo42msqyi277abfgzbk6scpbti3jybilh54eulkn426wnzt4u4n4
HAS bafkreiervwid5tf6ts2n5xdtevfl2krcs3ce6ctzfx47ajez5uqe6ls6ta
HAS bafkreicdqr7e55t6yhcdawx5daupmr4i2hwieoij7npkepgsyke55r6sla
HAS bafybeifup2sqmxdmc6krfwprkeohov4xpplttiinf2f2yke26wojopq6yy
HAS bafybeihymaoqshgjmhy3fnnn4iv2wmtjmmskbw6ylypa3pfekath3fsn5e
HAS bafkreiady247celdq2gvkcouaoxxnwxu6uellusnvk5mzv5n2tz3voioi4
HAS bafybeiauyuaax4uonqqx2y77see5ao5yetyx4yyon6usgib362l44jpnya
HAS bafkreicgjtpw654dd3btzeoysdbdvzz6ihef4kgai72j6cfqeqh6c4l674
HAS bafkreic4qilvmk45serikzlbzi7plvmky2jryxauqts2pb43pdusvk3sei
HAS bafkreie7ahphlvbt76hxikwsaykwfoy2dge6lgu6jko3jh6wnym3ye5zo4
HAS bafybeiclwgcldsr6vk5ealnfvunnlwmnmclrfuljsig22ercugzc4gbyru
HAS bafkreigcywlxc5kxpbjslrujmcee4xcc24522qvo6uqvq3rttcm6dz7xy4
HAS bafybeicacy6ir3w7nriha5epn5wtlzppio4umdgjlz4yxqglid6rkeamce
HAS bafybeihi7ddtpdgnmlb2sntrurgz6mr36pthqmzpkdw3ncjuqgu5viawri
HAS bafkreig6ot3nietqpoenfj66nh7wd7deerp22vkh2pwabzp633npd2ke5e
HAS bafkreicssghc72b7zw34njur4beqr2wxdwuhxfnlvfm5ob3rqwqgbt4ndy
HAS bafybeig24ereuatpnedq5rawxsmhlgpqi3nstirwg56d74kuawedsgvp74
HAS bafkreicuxzaqmgo37s4jfdsq3iubnzdqu565wxnuyu2a6omdzocgvnb2te
HAS bafybeigmta5oynwkgiohvxfxhd3h6qx2qdeg7sfcjrrt6l2kkan5dhzu24
HAS bafybeicrfmca3x7putqvjmp647zscn2qrvt67fnyhnxvzna2ndv7xzdu6i
HAS bafybeihyfxiemlkpejhkrse7tygptxsivdvw7agc2qmjtgcgih4rmoxedy
HAS bafybeialo74wohr5mu6xxcqnggqnko3kia6ynrb3b5p4fbbt73xhxo6ciy
HAS bafkreiafpsgumdsxx6zcnshbthwuirmzkl5auhovsbr3fwhz6pwokyvkoe
HAS bafybeih7opavjrcntyinq2rvixnfhxh3ynmrfk5lofe6yp7euof2uhzmrm
HAS bafybeiasdbp2xxu7oswx6be3lt4fjosu5uxqyrypeyxgnmxefpsu3gyudq
HAS bafybeifmxo4y3taospxojgr6mm6d2hjaf6zrzvqpqaqop6njja4jxur5qa
HAS bafkreiez4l3rhvzsrnzdi7gdaxx55at46zbr3ngpg4xe4khhmrbrc3n2ue
HAS bafybeifcs5722u4neokjjpvjzhgqbylzap6eqabcpzbsry3v4rfywmopxq
HAS bafkreig5fnh25bgcmyfvzjbrbuhej5pea7jfnb2ct22yszvovshauxgdq4
HAS bafybeidgjnbw7b472c7keovjdyxuwy6uomlwydvofmgppeitdzpdqxwf2u
HAS bafkreiccyzle5w53uf7brryfvx6qah3gfmfsac7lum7rb2l6j5a6n77kiq
HAS bafybeidiq5ac5ewabcdyrdgcube6nx4bhoufa3nyxuvl5qjgx4r4jrraam
HAS bafybeidr5hmz4wm3uwj4gt5kizgjgeknd3jw3ogt2kgk7tpnhbmef6isaa
HAS bafkreihln5g7u7iqistyhy2ov7i6gwhbtv7uufcdehfxvwgrw5g5tk4vxu
HAS bafkreigvisxr3oa67jbeqtkndyjqwzaslrkhyqkf7gpnn4e6p5pgm3ydey
HAS bafybeibzgwmwjfw3xlwecj7q5nkiis6y7s4eufwql46wklxepb6lrcml3i
HAS bafkreid4riqevne4t3mxlexmedqguiru4i23rje3ngfw7icsi3gwzqestq
HAS bafybeierzy2cp57r45pnykvmv6gjwwsbkitppkqwgllqbdsabdsp2tlpdm
HAS bafkreie6pj4may3l7czj3peeityxij6kbwixb2n7bfjooxf7dtej6dxjhq
HAS bafkreihvncehrrph4scyxtafsajpa6dq7adndp5gj6j4ty65v3n7z4ghre
HAS bafkreiajygaoamn5vpbqu3npmyvytesqij2vt53gmpxmopjvfiqa33n7wm
HAS bafybeiftq4ufuleykndvfrpu5itycapqpot7qtgy57zi4anz7rl5yzbepe
HAS bafybeiaojfov5jn3ys5udpb6ezn6pdzdwyzz2kvazcmpy4iugzcoxcorou
HAS bafkreiabclxnaiajfwhfxuewid57ewhdh6wuf4lk4d57uzvhncfps7ylta
HAS bafybeifepx4iwyhcv5q7kjvqig6aysxdxmgu7lb6o53ta232ry2s2nbnly
HAS bafkreibdjqmhbbd2cghsccx6nfei5sz3a4sdoxawi3kpe5xu3rjjcmulom
HAS bafkreibvehbpswocy3bv5wmmaldggrbblsdaqcsxmdn4uhrigyx4p7zcx4
HAS bafybeicvcup3qi267i4jfmcv4upk4ggc25yeieelt76fxztu6xxhmrg76y
HAS bafkreiapvnevuaesllqrzcexiush74qpj7dbflpd57anabxmjemj5o2kwy
HAS bafybeiebxis7a7vl5wibmanquogo4k7elrtnrusntvmfmlmd6y3xls7liu
HAS bafkreibtehu3cwvfrxv3yy2oac2fda7x3dwylycw2rsid3cckt7iv4p7du
HAS bafybeigfd6yixtcodgzw5xifrkgzv6ld7bujyaw5opmxbjp32xuq5tbdty
HAS bafybeifx6bwki6dz7wjz4wffrutgnqbwsnivbu4jbu2tam5oefa6iok6om
HAS bafybeib6dibn2dud6fbjy4s7lqrt4alzcmgh3ylgojhfheozeem5fip5gq
HAS bafkreifp6mjwse5bhiyawxvcakbgvgkhjnzgoaeax4p7jlkppspjb4ew4q
HAS bafybeiaiucz2hszmmbydm5hnytlutkyle3bsxxd4xl6llutw7rkkardj5q
HAS bafkreihcd3wyigx4gf2sa65xqlzcnmfhm6xkbhshqe35iyo7kv5bud3jvq
HAS bafkreic7lthgjrrthggd5az5rgpucl4ycrskicflog6zhjvr7o5fhro6um
HAS bafybeig5nwapwie4fa26so7tsl3a66wlch6bhcyzfxru2efd2gztecseu4
HAS bafkreib56zu53z4pyy3xyszhgqalibxtldqvkzxi5vtipoumvnv565maie
HAS bafybeie2k7ar6j7zyinrgux6imxjv2hvwigwuka23z2x6z6rxtdqrrl3re
HAS bafkreiaw6quljbqvcjaw3ov4xhrea62mlggnlusti32g5wqngcnvmipsji
HAS bafybeiez477sigjddqts2ig7pkfcavsbh2hcmb3gcoaiu74ww7tmqk6tti
HAS bafybeifxjraev34asiuz7evdw4lbzlkdubxj5ewqnfq57wbnlollctwugm
HAS bafybeihhlwunpw7roqgpnobdjfbcoydacd2hvcrnh5vknmi3f7sq3hhktm
HAS bafkreig4nuecwueay7ha47evp7yjqad2neelq36vzkef4lyc72cjssw7fm
HAS bafybeigoxmgtq5q3vawwsbqbpssmivhf3t5fhllwahcco3rd6vstvafhau
HAS bafybeihivsz3ip67mfrclcpkznafrzd5idnwpe2g7x3xnp2mnfiwtdmtoi
HAS bafkreiaxfphwcjonip5zsj37w3pbsq7iwdoytkobsvhinnzymtwecga42e
HAS bafkreibbz6n3bfvt2qhnuhp7btmhgitl56pwv3y46vcuddy7rucedweqcm
HAS bafybeic6nm73oxwmnoifofwskugusn2dwumixllzpdxebinkzwffdhq45u
HAS bafkreiefdy6ocqyecmxresmcafzqdmoruqo5si2yyyojm3gcyqxroir7rm
HAS bafkreibwqy4ecbm6s2zh7p27go5ertyp5dvatiizig623wjeudtspx3yr4
HAS bafybeifgh6vrejse4jpvanbvf7wzu7vkemifana4fooe22fi5kxz2xsuda
HAS bafybeialm36s2t5w72b47mpqiwflpwlpbtif33msyumha6w5i4sghqbpzm
HAS bafybeigbc2imyx35wql3odncq3njx2sj7gogosr2fbvo2f6qme6uixzjea
HAS bafkreid2sdh6c6irjq24tyg5oogncdootw54pjqu5clihbm3r2hhw3a5yy
HAS bafkreifsz2sxuyg54s6nlvt7xqb4eddhtlu3ejh4ulz6oghtvxnokzyxiy
HAS bafybeihravazkzebjuhgtwyzfpapalkxvhip74sqbcvqyydihxlllaqtki
HAS bafkreiewc43eyuvkemfhtu34abkbpkzmtlpm2htzq7cmvgz3zodqfck6zi
HAS bafkreic5yr2afol3rnwuwbety4iy2oy6xvfkiwelh43ciev46lhrhik4y4
HAS bafkreifzptmrlsylpjwybpjshk7oakzo6ytxurqdfvqdteidtd4roxdrhq
HAS bafybeibq6go3nuk5ynvitma5sh3bubgw7bs7jpp3fsgnjeewl4nw6spn7e
HAS bafkreidgou6qgi2motx2bmtbyg5fsfini6qkv5q6tho63f633waqrx7i4u
HAS bafybeiajeoxmu5pbzebvx6lspqk56xny6uf4e5rcme3pzizdg3y5hwtvuu
HAS bafybeibwq5nrt34rpq2uj23qwjwodt66tfwzvw3szp4nydw7pjvsubcs3e
HAS bafybeia6tnbez72y3aef7v7am4rfqige7v3efj44c75qcaodri34vivjey
HAS bafkreidfjm3tfbl4qcd4waaufvmcwulxtyxknqzyzwpc7n5r3bk7xrgx3q
HAS bafybeig3un2rwhdeujgvo3wiirlmbfq2ndkd7xcrzyxseixzypjlvq33mm
HAS bafkreiaofdpvcojxbsihqk4plezkv3qxen64rbwnqknosz3hsym3qvkfsq
HAS bafkreiduo6tkys3im7ydij5cip3jwezwjbqoqm5te7ut7mskwzwepb2wri
HAS bafybeifgcvwwanrfva33h7b7yrwq34heih4yuorryotryswue4e3vznocm
HAS bafybeibgzyjg7byr7bf4ogptcvyqwb6hotrxrtxj56yr43jlnwqunxjxxe
HAS bafybeieih4ccwd5ctzio2hegqak3swiijv3vfwi7lzz464rolv6zpv3f5m
HAS bafybeickz5orbuuqro2jiihoiyzdhdanvgl2tv7b35fakr5z3zshykxgbq
HAS bafybeidbmhlgi7aklohll6d7byerk32w4prf3j22v5u5ukhev5jlz7wfta
HAS bafkreid6mfhwffm3jt3n6w275nsktfgea6c6kr7ab3ggay3r76jicy42fy
HAS bafkreiem3zmljhq6dgdhbkygyjsxabiacvogils3xpiuvxya27naeh3kvu
HAS bafybeiajwvbrtsvzfpfuvbbytifdkljflybz7tdzxhg2bgdawwpqjjzo44
HAS bafybeihriyysbjg3vlgay3afkefdykp7be45fnmjduozkohgfpdli4o3mi
HAS bafkreicggxulmxxa5lsqxzceu7jyn6xd53s45ud7sgns4ltvmx7rdcwgle
HAS bafkreihufgszri7oqbexabshjqaftgbeosbl3aftbj52q7afb3nrfedvey
HAS bafybeiam7cd34k4ogtxzoybzdxgeynkmfjytq3uegy7e54hb5bx6xqjnbi
HAS bafkreiejm6c45nf7lggchxzvujpm4ojkh7bmid3msphasjhk5prbgya4eu
HAS bafkreieqxsym7xsdm4vvmoze2m44wvwnzefowpbzer7bwy7ktflfq72o4e
HAS bafybeid2tppv5b54jc3ytx6mvzpkvocva57kngdsspriry4ujxclycxokm
HAS bafybeidhw3supiptlsmbw3seruy5hy3nc7lhy3fgzfjgk7qmf7g5lz5sfa
HAS bafybeielbzgawpz5ptociclfhqz6s5ypkai646x63zeebpl2r5c4jcgqjy
HAS bafkreif47josvnhu3dkxqg7c6wljrlei433fcxkjhl5metg764vfugkrc4
HAS bafkreid32tqx3sj7gg4sieqpearbxy5vgurcmmf7cfzwe37pj2j3ks42eq
HAS bafybeigmjvl4mzaynnlsyobvbrejqz32tz66kwibwkkyn33t2iq74ozb4i
HAS bafybeibps336a5qttn2e5c37zhptjhyjnvae4b5cgztr2u7btrrlcc4qla
HAS bafkreigolwraflbdpptrhdx52dqfkt3rr2th5t6ydeqe6tef7d4jz4btti
HAS bafybeihf4c7ewe4tgojcalvox3kgadzyraea4ct3r7na3aipolvrtyl42a
HAS bafkreicndbxrki6iekm335yqprb4opipozugnzjqmiwuourcviiczcapva
HAS bafkreifccuomipbsqwayshzra7adf3lpk2i76szb6fwphskkdxd44jmbzi
HAS bafkreidad32poglvjj3n2etzpirgm4sceqs72gdtipvhsvpmqhdo2qapee
HAS bafkreiateklqynbfqw7nrxi6tnjycidnvvpttk7k6csqvordc65ggsedd4
HAS bafybeibtp2latvigekqpkmdeehedzgst6l2wuwjopgs3dip2v35iefx3gq
HAS bafybeiamyxcfuaqbjfi72z7mhhlwsdwvg2afcgvib5skt3ax3tu464zo2m
HAS bafkreidomcatgre6skrv3lrz5wubvl2elcztkvnnntavuftwsfhsqksu2u
HAS bafkreibarua4pcjhnkwvdsoswyxkdbqu7e2qesvezqdjp4zhxj4fzs6sbm
HAS bafkreibof3pqw4r67p6ktyhfkwp4gnvffjfsxbfhu65yprvsg5qtnyv7g4
HAS bafkreihk6r4nv2z547irc2m7dpzjfrpipafzm7iuwuylgh3l5qsygymv6q
HAS bafybeieholktpkizj73zmw5ahkc2dihhe6sp3z7biytaqwqydozyieqpum
HAS bafkreidnq5rwpf53taa5sk3q3jtcposklzlelyfelsykvn3urx2zo2td6e
HAS bafkreibsykyx6kdr3eoyopfkrdikup2z4d4m3rpzv2t3ow6qrh6ublltau
HAS bafybeicthpbjkifbkkugck3ks5eko7th7huyku5e5gecppp2j4lae2tq2u
HAS bafkreigsbwbmzdkti3s4porzlzglnnfe5qth5tay5b6zdqind52gjehww4
HAS bafkreiads3k2ftsvydzggqhy65tmdgysyqk3ptkhncal3tossnozc2p5ju
HAS bafkreicssrsplctodjcarxlqnxsnzx6bar53db6ic5xycydmnkbj5cjcy4
HAS bafkreibunkh3cnoskxm2ve3zmlnvwen434debnn6u7tso6a6r3wtndc5tm
HAS bafkreigzubwrwlxlvy6a5b62mqlqamitgdegvj7z6jlg2wjma2midgugsu
HAS bafybeif5b6l4rlvlfxfwd3gbxvqqy6icjmq6isi4z72aqgagamclfpxgae
HAS bafkreic6iywu4efutnfg55smskr3shbobqeqpqqr2c5xmyftgh5kmhuqaq
HAS bafkreigf3rfinx4yowcssafgbnzstadbyzk4kd647e5kgntizpzfv5fnnu
HAS bafybeiesxufus62ueayy6kj244unxogc3rnssdkek3tp4ew4pfx6ipwkv4
HAS bafybeig7hslownkjq7kkcjgv3r7tloyzsol2jrmtlugrxf3p7ymxoaziwa
HAS bafkreifoxr5zbqy5ytrkbfjjsama3idx7i6rv4k3hkgrle6mrgurqtwryu
HAS bafkreidheuwv5lhbsekvdt5kwy65uzgx3xa4ivnejysra5zdhygid2tmny
HAS bafkreibl5y5jwccbkfoex7tzncvihaohda7c3fm6tcogzffro4ubal6c3a
HAS bafybeid4b4vltfmvmnu6yelxm35azj6yfliekoafzpt2uxcdha2ycsmepi
HAS bafkreigd3v4bxsrx5jcze7eqbfgps5sx3pl27dxatnh6v47ecphsfa6vj4
HAS bafkreieq6mu6ndicl6k7pxblzb5ntjwapdbqh7anwrxmu5rmk5wnpbbjdu
HAS bafkreiatmfjyk2swhbvickrqh7nqyrnj6xiaijjpdmbwcnuj433swldqyy
HAS bafybeid2u7tbz355bu276tji6crbpulaqb25xupew3g37efiizysnvrvly
HAS bafkreiesyjhyrxjup73qki53lov3ff2zsr7dskddpryiefbud2re2mbvlu
HAS bafkreia7zrbjyg6cahfgrtb7bd2h62yoywrbsnbh67slreczx5knic33qq
HAS bafkreib2v5wmtf5rn2m67g2tz27773k5ep5gbypqku43a3tuolxapc3kz4
HAS bafkreif6r4ccwp7mo2su3hnscdnly5ihu6fln3od7sojkjjypkp2bmifzm
HAS bafkreidfgkuvtf6tywm2s4qoltht3asw3l2tazhymmdzhfnlynufcddvee
HAS bafkreief2toxuaer2njumsxzp37p7jnf3hnj5eyr5n5jaqmhwnlvr75tcy
HAS bafkreigjh5kmldyts6pz7q74xwevx6oploo5hpyhgoiazgozhu6sspihwu
HAS bafybeiddkdg2g2drxsjiikvcjvkole4oeh3stkjl3mq3vkuufqudqejpfe
HAS bafybeietxiqqa4pdwvdxkpjqy4myfzdqtx7j6zqqdub5jjlgkl54pdhjs4
HAS bafybeihnh47wagmxiwzz4zpfoftqumaynhzjtg7isyqyvrsijr6shryt6u
HAS bafkreig5saqnt5vh37mrmhfm7hzvrwau34dsmv66xsevksf5kfsnyrsx6q
HAS bafkreiep6qbmutmdrgeoliqbnly7e7uc7mcpp44on2xnlty72dre5aodj4
HAS bafybeihufeyudnlxhgl6m6wjd2kqjf7bvpbl54hvps76umzzgabnph7vme
HAS bafkreiawo5pnuyzcwi6idw574avapjxvthrfsxpyn6iztvflxwkkf5wly4
HAS bafybeibv7hfxtcer3djvb67chxcd5hwycicmkf36bjfeijwbyeibtpnddy
HAS bafkreiavcsxs2rxvq4jhzl2by75dcxf23p5shuobjpwhbucybnk73myk74
HAS bafkreigah6th2t3bfsdfxrpgyccywv2e5j7uth4yd7thkpsxp5sluwo6na
HAS bafkreidogbxm3i322335nk5uap7ekui3qv4kxm7wgpkpbh2fedrsewicou
HAS bafkreihl3zmn7bazfbtwiojs275to5ps5ju4n74qsmzw3mwaxdztijkcvi
HAS bafkreifrqkwr2esfl4l7i3mhm6gzsx7ui3gpkxlayvjl474skdn4snm3se
HAS bafkreieny2yog7z3qvqdyogszgafemmh5o5icwrzvpbvgz33k77atxebiq
HAS bafybeifjapku5fprxf2baoktf5ki32hwdcuidptinjf6hypsyeuraxxofi
HAS bafybeifionew6jher2candn7bl6q62w3uaxcy5ti4erjyr6htj73ar3oeu
HAS bafkreifuagk4rtxdnraco35bauqionohimppk4umem7scwbcugml7zl3qq
HAS bafkreibiwzqclm5alujq4wpkz6t5oipa7zdrwhnbjz6obbkz3l66sbsbym
HAS bafybeidkdbb2x23iu7pkgthqwto73iippdiitdjnzoolkdd25ljbbdltpa
HAS bafkreigg2dtg5kup3pcordxrn2ph77s5zbad5yxxhk6cvbxqqvxlerzhhi
HAS bafkreid73fr74pme6r77wtks3cj3my4dthlmx6xqvlmstkdnlmhe2buezi
HAS bafkreifpgccom44lm4vn2ujwpolc7t7uffbxx3evtkpbif2xsbmouro554
HAS bafkreie4dfljg7yynqnz27dvnpqi4c33aurqoteo6sqm3rmdatd2njxmji
HAS bafkreialuqpbjml3iee2w7atvmh7jeehgo5m5is6k2agk265mwqozyyt6e
HAS bafkreigdimlbaal722ytuzylccl2xcosbuoqd7alscj3wl6cmyjoimtczm
HAS bafybeihysimwsbtdtmzg467nvrpvhbixgrty6qjp7san4dmbqfwqqrwimq
HAS bafkreia7zqwbiynrlparyrbi2old54dcpzc6n722ojutrqdh26suy67mxm
HAS bafybeiggjkdxrgdgc4e7f3fq5otiexksfuaylnkduialrgyoxajrlttnby
HAS bafkreibtjyzweause7xrfekyilf27lnpomto4c5qb576z5skrnlgerfqwa
HAS bafybeihue4kpkitthdpdpuo3rj4qd3mynklonzgmqnjtuuqugfi74le6am
HAS bafybeiepvmupz2gjn3axwfseasv75ks3rscncsmb6rcpxhlkk52g53xsdq
HAS bafybeifu7acfxqnbi4ez43tplqsqrzijywkbegqhrqj3szweu2tqtyx4j4
HAS bafkreidcth7mlhpg5gg5uejn3hz5bwnzbozkeqnag7c4xcj24txc3zwkee
HAS bafybeid7lsmwoc3wxre6hbm3carem6aiqucx34v4jh6sc5s7czd2n4qqje
HAS bafkreibgtckzfdwctuaztasedwnawt4tpwrcfoys5fsa47azpalp6snzcm
HAS bafybeiawv4zxbcvna2bsp7aldnbmkjgfcosqmkjak6gh76d52yc4zvzs34
HAS bafkreidtoka5keplduypup2sjuued5hiqjoo7uk4i4q5fdiewzxmq7ihty
HAS bafybeiauykb3m2o4svn6rzk25ry5qh7o6i3u73x3nw2ir6gkk6esble5cq
HAS bafkreiemrwppjownkrdwsc77uukzwobep5jomc7u3zq3hjewefl33hkrny
HAS bafybeidpt6aykpag22bjejuslzipl7qkslo44juohm2sfyrorswql4yuse
HAS bafkreiho2miuatruinfcfpvo7av3e3mkqo27dbgf5jc54zykgjz2sdjvoa
HAS bafkreihwbooxbprrctrcsnxcdbvj5rtfa3dmti5uqepoldnqxtces5myxm
HAS bafkreihuihk7wp3ged6d2l2cpxn5x2gt7yf3ki3n4wi23ftlr4sshmht2i
HAS bafkreihr3eihy3lsp2ktjj3ohascrzfbpdjv247acvzpkj6mkkhxluxula
HAS bafybeidhi2vadcmn6gpm7gjmyfuaswc532zz4jxbemlmgitihty7k6xiji
HAS bafybeieutr43ygteaum5oghr3tt676t2pfdusdnwvtfcqgzshmbo7dnc6i
HAS bafybeicxoyhjgzknq4xk3gi2h4a3jziabom4nbi6a2sse6nybgfgy7hona
HAS bafybeicm2feb6wzmvyle35wcns2geddhb563ukhkihe2nveqkqpeqedu5m
HAS bafybeiaf5kdjpp3jfx2vb2isocelewyya3zmklsa5l3ccdpm24logvau5i
HAS bafybeicm2feb6wzmvyle35wcns2geddhb563ukhkihe2nveqkqpeqedu5m
HAS bafybeiasbychng5fhmv3pk3i5h5nksquzvovzmvzcj37g76w3flimt3k6a
HAS bafybeihipodijss6jpvhyjuafgo3xmnga5tc3eolvy5sl5qiwulucybyku
HAS bafybeigkuwpiivoavnlwnx64qokmfp3tfplozdlgf3bgatxut2tegja2we
HAS bafybeidqnmvkln4iamluc7l3xms2ubu3knlz5obvgdio53of63vx2sn5te
HAS bafybeiha55cci2d2trgi7kp4dvtsl3wylqei3ki5fyjgxhudayn6okh4pu
HAS bafybeialtmxe3xkh7dion5cqzmm4pxpce6tyfidi573udy5aocxscbbscu
ERR bafkreihdwdcefgh4dqkjv67uzcmw7ojee6xedzdetojuzjevtenxquvyku
HAS bafkreieyhoiujqzy36amzhypsc22pcykiiw4ldig6eokkfjowjnblu45vu
HAS bafkreiddzoqmnzxulaqptvaawepwzdfxhrtyqf5ukwmqht6nu5xkbzra54
HAS bafybeibveyw6tikscjvtehb4j3l2zosq42lxzgjq5s7mgnn43hk3yquepi
HAS bafybeih7xs6p6b6ioprnqxrwfnohk42zh6mlngpjvc5u2hmyhlrrz2ahhu
HAS bafkreig4jdg57xka7vgt7s6w7g4fypvbr5tuvd3ltowxhmkwepoe52lv5m
HAS bafkreifplby4s4pzkyewwos3sjc6hjb5qd3ocdrepxkoxteho466fhuklq
HAS bafkreiha3bmjuzpn54qcb4saffe7oivx7sypvngueqhykf4ii3aoyymqq4
HAS bafkreib35es6kw2ij4jpxrfmytjmr3mopgvmfrkhrede6rmekndpvzybyq
HAS bafkreihj32me2xpwlhiheg2nd2s56xops7ggwyfnuqb3tnw6o4okiefnyq
HAS bafybeiekw3vxhyobuylv6r7meo6gnnadthae3gu7ham3hsdosrvypwebdy
HAS bafkreid2724rf7ayjasgpdu3hfsvwetm6s3kseomzzh5gbisdc55ikpbqm
HAS bafybeiffm623aqsutuwbw3wrqnrrodbwbfpeo3lx3pitfwuxeog3eionge
HAS bafybeicdx3d6xx5otferdru47x42lgcwzjfluhmrsgnaze6drid2tlyizu
HAS bafybeigydbem7ozphk7qbb6e22p5fpriiprj6purjecoadijzifstfwqla
HAS bafybeiagny5y5375efdeyksnzh2qngmfppusoeujt7kwsd45q2pfqdpyka
HAS bafkreidmwz6d4b7gxoybbbgfu5kowusk73hcl2g554hae2352zzunjoboe
HAS bafybeif2jznfrg5bb7ssu35t73glmps5yw3keznvap5jfuc2xyl5digxiy
HAS bafybeif4eonydn6r2e6pa3ogaaxbpewc4rep3caxaqh3x33avbo62erj5y
HAS bafkreic5pnna77mftgximyaian63is4f2tv6djo5xzszbbj6dp2zc5jfhy
HAS bafkreifct2uakgfixahb6vkxcjqhgd7mnbjcbhr4k3fh2wvunjkg5ufaku
HAS bafybeicixujmxoflfmuvvbfa7f63jbmjt4zs5i7oe3ycgmex45ozoiiity
HAS bafkreic333ivxx7y2vr645ycogekiznxtyizzsjd3deie6r22t6eeqmfbe
HAS bafybeihyrrnpxnkavoyywlvevbkijiiymp2tlhedie3h65lydlzpoowkmq
HAS bafybeihc34dwhmvoole4unjihbwt5wxlgkh57pyye4hlm53mr3hfans7mi
HAS bafybeifk4f7jb7wluxbalzwaaydabdph6r37jq5eldvesywehu64hsdjty
HAS bafkreiegsxcbkpuuqicxpjs5rvfcfndhul2gops54llt2dbkjp3thqrdve
HAS bafkreidwg6xuw57pxp2f7c5up725g3egfbfj7clath7wcplpcku3yuqxjm
HAS bafybeicgwwkwidzu2nkenvdkvjlunhkhr4hu3d4xwijuv4pejli5r2rw5q
HAS bafkreib5t7mutxa44odzxr7uqg4geyv4rm2uxyzbovezkyd3cxjvxyxu74
HAS bafkreibymw4nwvqzayymqcrakt2yqevhbcxqopepjgveoehp4nis6rxy3a
HAS bafybeicemj4ynpbjtkzer56octh5xz27jsdmaprfmu3a47swp7tfmqvztq
HAS bafkreievdlocys2ngrww6cqgw2lw5djycnjkug6ndvnwwjkogh4jrnlsvu
HAS bafybeiesnz4wi2pxbguc3arqhxq7ipyaiixe4fe4dwseg7m3zgzt3bnccq
HAS bafkreid7ssydbthvpoz6zf25qbw7xye7xarqrlf7wkpth4uvkgq5qjrx3e
HAS bafybeidswhgmdxhqigvfcrftmgeldmmwbwsu22s2kc3a64jrmjtlyzuhlq
HAS bafkreidrdtrga7svlmasavf3blkdrmyu5cpuieadqand3n6kz7sm6x64qe
HAS bafybeifebuneuhrog3c2ipckkpkxmfy2ljef66v6cl5milsrnchy5l2mta
HAS bafkreieqjlbjioe63zh2dwjjf4keeo24dbxjghp7djxt46tdxs5t4bk7mq
HAS bafybeiagbzeribvrg2iyvts6n5f3rtfzwke6o3l4eulvuk2fnszjua342i
HAS bafybeihx27qpdcge3kped2u7h6afjnxejh2k5nsfl2p3lmi62ojjbsdwyi
HAS bafkreicsa3m5t752zvsup4yod26ive3gmyeh7523rez44npii64k5ru7e4
HAS bafybeiahn36rxfk26we6ebhul6ulejag3ndwxgtzbjogi3xsxxj5ntepiy
HAS bafkreiaujiqpzq4oxaddmyiz5m4tfy6jtafc2reutevqcnziccbcoe2zse
HAS bafkreiejti2vwngny7pu6mgeekpr3gtcyhcyhzwuzyscca6czsaafn6luq
HAS bafkreihj3ntkpjbmjohmtvmrqdtfhmbb2r7wqrd2ayf5a6mya2xaq5q6wq
HAS bafkreibunma2rlw5jmozxffwhsofugakfc6kz3gpbthzfhsusst5ptc7ne
HAS bafkreifp5aachc2qu27syx2cs3z4vjajbnisbf2i6kccugwl57aeju75e4
HAS bafybeihq3k7lzxsnxndforqg3fb4ggnzapxvzomepvkgocky7g37alzfse
HAS bafkreicqbcae5b364pe2jihnvyhh2d5iaqpivc7fhnpny2u5surtgns2nu
HAS bafybeibcqlxxgloqwwkvsd6n6ht5teu77og6vcicpti3bsu4k6pdxb6hoy
HAS bafybeib53dahrhja4x6t3zxxa3hga5kzvokqittt36nbpxtyq3zteb5mm4
HAS bafkreiffvdstlwdmu7db2lh47efuxf6pfdm3qvr7qqacrhyme2s46kj3u4
HAS bafybeig3etq5ls4aycf3o5mae3tqs5jbvqk3bwuzxsffsgr53mmbk76dz4
HAS bafkreibxmdygkmexaz3zmfiqq7wcoibyomqbbbqtnzigdtbryqd6o7isfy
HAS bafkreiavthblvmtvzewjcib6zy6ubr2q5gyjt3yj3cc5bx3rnuaui22icm
HAS bafkreictkgpncrr6w732yeceyxbed5be64suui4x7pxokjcz7uubht6jfa
HAS bafybeigcyuphogb3mwm7w2az3p4xokrmzohnmhfabq6ll3gg7uhihp75ym
HAS bafkreihydhzszfkptra5xyufe2e7dl6tdxbmhyit56tnasmchsrldt26ii
HAS bafybeigu5vx7mnh23abkk7c652hrh45wlxwklkidto2ynystpz4ziunbhm
HAS bafkreie6erpe7a5hclrbbxjc6rhqfnlycxr4kfxcc4cgxckz255camqmj4
HAS bafybeibaavw4hq7ztiaitigzbqnvlhimnfeqdy2jlrbufj2ynh3hsluwyi
HAS bafybeibaxd2xnew3lsvnrjrv6qtron7lianzy4pubjyaxln6kwga4mgfka
HAS bafybeihflybb3brjbzv6wi4bpwzvfjtdf7jbqcyy5gemcmtxpelnvke7g4
HAS bafybeia23sryrvrue5lemnuuv2nwng6fklnqkdpzakxdw4i2qdwt37goli
HAS bafkreiexbg5axq62xcubcccoy5dz2kfojk4gos6wururs2bcvp6je7hdye
HAS bafybeibatr3vv2axpsyceickrtrjgzrk67slxvr6l7hw4t4pjta5edp2vi
HAS bafybeietyclpd25yfbu7jolywipmjok35wkecb6562y7g7t4jtfzxb72my
HAS bafybeibpwcoemlm7lmdjb73pdki6wvwaktzzphvusayrh3oiyl2tcototm
HAS bafybeidoe5q2hqi3bfzt5kq4ltzglrp7imna6biugpd2u3tvig6iu7a22i
HAS bafkreig3i47banfs7chwlmekflt3kf4qakkgh72yidkrpjkmxa36o2rd7q
HAS bafybeidkbhwqceils6slns5uxhszhe4nf32oy3uxacfwpjsarghbdubam4
HAS bafkreid3cbk4sac6bqi6gv7ni2ijp7hcovyiq4tdt7ilfyuzsqjkcy2yla
HAS bafybeigu6ammjn3n7dmfa6kzq6lhhvwtjty7eiyauimwhdmatzj5mjmcfu
HAS bafkreibtd5xntme2jtduuxplbnyv57yqapg5mj5eiawxdjwx5iuo5ohska
HAS bafybeigbd4uexptnmfc4pu74xupcsjrzwv5awo65bt3grk534xcm5pttea
HAS bafkreifnhowsmyzk452bqbsigiomdrhi7wdj2s72bzjalhamtzf22ubej4
HAS bafkreibr4xuolczwpavzcnvv2zdhgcoujpsshkdjypsrlhjmzkschmg6my
HAS bafybeifkqlqusx6t7moapywrzw7lyimaay7bu4yklpwvx3yjtxcfz5qdlm
HAS bafkreihsuqu5dgugafncnvtqlifdux2ndjjrigk56ojkyyqgg3tlswdcuu
HAS bafybeih3hql6bwkdjqat357q2lhde7ehjswvt5uh72anfo4lu7bv6kpjau
HAS bafkreiafquohn3d3gguq75yw7z523evnanveujb62whamuflxhvfez25ze
HAS bafkreid2ojcckgrk6ufkrbogzu45in6keg7zay25qahj4r4wiyy52sdymq
HAS bafybeifxgxxymcgr5w4s6ulxq67hnw3s6ladbf27p2iyjslwmfzlefiz3a
HAS bafybeifxtzmqqyapo3zkl7r36caosrvlkh7j7k6nwh7gvnzqjkqohlnydy
HAS bafybeiba5q3ora3d36hpq4ggk2zgs2lkxzvw6k6o7ad4bsoognssym2iuu
HAS bafkreiazqdqt4wnlmslw7rf4v7dnnrt2w7g36m6est3vu3f5nkfj7qbhvq
HAS bafybeigmm5zdco7enyzgl2us7mspi7ehrdoxfhvcc3dp4cbr232f4rkkei
HAS bafkreih7mjgnt2h6sd72rgpnj4xn425y33fn7wnezxxjidcl3lrrlvlm5y
HAS bafybeig4pc7tepsjqzrwqhyg47gftiak2jbqyn5fy2bzsuspiige24eqni
HAS bafkreiaeuhse2utadgoi4rplw7gumh2hkeydvyi4kwcthz23toyu5l4ytm
HAS bafybeihe273dyo4vtwgyk6jmcmtmbumjoyphevahgdzj5iyrovwmmgoxuq
HAS bafkreidd2mthmebmmarztkh3yy5euaklchbmvzaqs74hy7jxe5rzgoci7m
HAS bafybeigawov2vrvetlqwhktawtrcdl3irz3tmvynbbuzyr4lphsovx6mja
HAS bafybeib6po5sm45df5tbb5wdgjas52uklwpzyqbsypx3qnonisblucbzse
HAS bafybeigrgenetarwkwwg2gxxikuskmtss7fafyvuypzvnmid5h7m4slhmy
HAS bafkreidvbfv3ylw4mhkc4jhkvoruec32szsm5dj4upahlfde6zslzbzxum
HAS bafybeibjolvmzbs7uft3az7eqfcfalkaslxzjgxyzbwy3sfe4jzm2zypkq
HAS bafkreicuwubk6suchk4k677fu4prtvm2x5rxnfsi64grqzpv7bwnwn23lu
HAS bafybeidfelc5d7pdbs3wbljkw6wz3mplrt5eyvhkb3ejeh2xp6jqsh5hfe
HAS bafkreibmuvf52y6mhbeyjai6vroiv6eu2sdifwgmvofkimvexdxvrbtvne
HAS bafybeibvtso24ezcljh2bqerdckaneoygrv3c3jfxbmj7tip4avydw7iye
HAS bafkreigl5ehawwnxnhkmbg77tyn43pgieqncvk3rsejwvkj6japo75q2yq
HAS bafybeietqkfg7ei4bjbg2hp267fpvydhkussdojlzw3f4zb6p4kfd7fmyy
HAS bafkreidoy6t57mwwzqvwcs7hbgvhkldkbe2e3crjb3mrqdypiibwy6b7c4
HAS bafybeigtseedmdcvbajuejcsxp7rhivagdvqfxrwrywjwrj4xezf2lifg4
HAS bafkreifw5mglmo56s3hxk6vxngp6o5vgvo66jmkioy55f2l3upatiykipa
HAS bafybeihmao7syvums7ygmn7ahbppskslvjsrb7qsbbddsksvgnjkqtmhyu
HAS bafkreifv4v6iejjqnmb4hy2oxom35clidu27chsll6ahwl5qzcfx6xh3wu
HAS bafybeigadz6nso43zvabfmaaoqnwifaz2ai2m56gugewqenpk3flpkcedi
HAS bafkreibwh6zu2npewc5ctvwtulawpmwvdlbdd57u6dlxrvr64lmfkdib7u
HAS bafkreiasgd7lvc5zpjmckspdy6vgmqyyegrj5w3djcznpbrfmccopkjuye
HAS bafybeidymrspztlxagmogjfnyjvxhzx5hn6ww25y6y44d4tdfgqknsjj5q
HAS bafkreia4bjka5wovgbnvftxe55chrbk7urkp5lkmdj2av4k7qdff3xiyty
HAS bafybeiedch3zgf3ud2wjnckgu7tjvnjc5fr737bbr3i5edrfabpjtijpre
HAS bafkreic6gqlqmtcscvrdyewdygyqtgggkldo4niopqc7l5sw7sujt22t4a
HAS bafkreiemaw7oxavtp4yfw2rgkkrdqbombzzyowgzxrypacdmrx72lmompa
HAS bafkreiau5tqn7u7ssbshd267vx5ojreudyfstqhf3ne4sjvaizevn2mvfe
HAS bafybeiggkmdf3phge2e6a5hk5xq5mtla72mk66wwjcvyvbx4aeeyvqg5gm
HAS bafkreifwcrdwauz4sffeqmtzrj4lw7ycop762fjn3awyr55tm26gphpxge
HAS bafybeid3itqz5smsbazurilena7riilk2ef63d3fb3dmpc62v6sb3o3l3e
HAS bafkreifrqzwur363ejophtg7d5salnn3273d2vyoon6dzjshx7hha236vu
HAS bafybeid4wg3el556g7zsmd7632cwwhgl3npq6xvk5rrrvpg3yxsybmonzq
HAS bafkreidut4nlfallefwhjnepo3e3tfrnqfdn2phiycmqk3x7vze66pkesu
HAS bafybeigsimf6vjd62qxahnop6p2qf7ski6qhgztjzbynp3isldsrs7jr7y
HAS bafkreieuw3ht564glisvjaeaqfvjsfxy6bauxfsdsyjsxzvms35r75zi54
HAS bafybeifdgevc27rmf7ziv3i2cisxwasfwfk45gouvcyhv7xefv2bkmhyza
HAS bafkreie26addgyruqf2bodjkbim7yzydjsabh2e57ybpzkc2zivu22b7pi
HAS bafybeigsom4luedgz7lw6ytj5bbddhwjbabxcpicfzivtcygsoxdegn7rq
HAS bafkreid7pklhgm5qvc6jbjucgjqylfo55udl6fvx3yjhm3dytbnxu56wny
HAS bafybeidszhqqtz7hki6lvyas3ccwz22evyd5ogbimfp2cjwfqibpuacpti
HAS bafybeicvy5qry5sipvowhtkocakb2xlqyt4hc5ceplvez2hbs52bgficlu
HAS bafkreieocyzmlyvulgcjf6gqhzqjv4xicfhirgqecwdjf2xmkecjt4qrli
HAS bafkreihjk677fq3ll3x5hajmxhvfnyixtyphq4kbm4vc4g7mnhxwshx2dy
HAS bafkreie22cule7jgyx2mbavgateiziiav5wxy3t6gjttbgguamf7rnyq7q
HAS bafybeibr3inp5kg6dat62tkantxmhekgibo4w5bsmgsj3h6z2knmdxoxzm
HAS bafkreigt2d3sbdrhomarcpeelp2pmps32qsuwnodzm4vncssdpn2diq6ja
HAS bafkreiaembngoadilkcklv6tczh3im6wo2ruoic2pymrjeabasi3wvb36e
HAS bafkreifrrctavrim3yjyfw52onhzlubvthxw2pevjnoy2p346cf3o3bqme
HAS bafybeicvuyzpidg3dhibrcfxf4vm42k6gucs6i463pgc2ltqspokvtslc4
HAS bafybeicmo633lnst62y2wwnmbfz4laiut44u4fkshzcifisngh2ixyav6u
HAS bafkreiapyhkmzbumqbchnivewm3nfcgqgjcbh4e6e2xehhjos3ylx3yufm
HAS bafybeibqq4gpjt3hlzch4nf5dmdlvl557du7kriiu47ebzwkpudpbtgopm
HAS bafybeihq7lu3vjlzmko6hfx3tzr7obnsi2b32egf5r3fxmv5jtko5ukbo4
HAS bafybeigtbqla62575q6q5eniq6r3gdpnrfy34ronxpbcjvhtee4i3vyfbe
HAS bafkreidnnl273io6e3gfboaxy5cxtmp4vacrvqqtowtvuaz7ap54xwr3zm
HAS bafybeibyvlyvqqr5723pg5fprc4origcrqnydgkk5uj2s3vbxpekaq6j64
HAS bafybeif4ruiy5n5epiylndsex3ol7vf5h7ywbsco7oyiambsrthqzufkh4
HAS bafybeibp7jvewuq5g6nobzfimexkyrh75j6pbkeag6buuflzwaqiemzl74
HAS bafkreiazwkpjz6gpygwp6ypyq3o3dbs465rv4fkpxule3hixmdmunc3na4
HAS bafybeie6asy4jkjtculnxeudeqvt6n7hf57w6odjdnxys74byrisei2rbe
HAS bafkreiezugx7zaio4jnbdfmuqc3a2xykh5jpofbzngnuitqxhzk4f75jkm
HAS bafybeicmpthb4iob5lsyaz42kpikp3bi6cvz2fsebholgksmhozanpwhf4
HAS bafkreihcuyme6imkhapdou3sn6pvsxvzpbirkl7baf2scjd3rxw6rvgf2y
HAS bafybeig3mflumx26u6g6mtrl63ot6vyejdsutfofhuhmsqqa2o7vxh2oy4
HAS bafkreicnqzw3dasprg6rb4iz2fgv3aa2rhcstw35bxayhh6yi6csmcrmcu
HAS bafybeihycwdsun6noswls4txzxesuvcbdrplmz7tsizeflqelkla4izjhm
HAS bafkreiglrm43aqjl3wwfle5x3lskwbnwvhtunfjt5iqn67mu4b2cywjwcy
HAS bafybeidt56al5akh2z3njyonq4onotq3lk3gojqh4apsze3nqaiscprhfa
HAS bafkreieuv3wejpvrcm7em2bz5kept5lidgmxhqgx4iy5igb6xavxuj5nti
HAS bafybeidt56al5akh2z3njyonq4onotq3lk3gojqh4apsze3nqaiscprhfa
HAS bafkreia7bvqkc5slwbfirjentryqr33tecjjaiigfljvftmorh62cybqyq
HAS bafybeig3mflumx26u6g6mtrl63ot6vyejdsutfofhuhmsqqa2o7vxh2oy4
HAS bafkreigpkyx4psi7sy5gofmikvp3axe77pfq5ayx5kz54cijmy4rv4tlty
HAS bafybeiexs6bdqsqzbija3zmotjjhbizy3es3k7x36ngtqndo57pn7sqjjq
HAS bafkreiajq6okmm2kmt3trl6xihtp6ugsddnjcp6hhvrpow4hg7kndehogy
HAS bafybeifpcvaxusucrr5s7qrf4mibnot7ieygtb3fg7rjx5bszrdg7qbzje
HAS bafkreictjgfsytmqobyaywpfjrelfdu6y6gntyawsf3ewuqbczrgihoy3u
HAS bafybeiawfblrv7l3fq4w5h26anvrpaodagd3u2mr4nxpku2iflkve7y3ca
HAS bafkreigz64cnsskxit43okafku3u7jg2hj7iqky3fxd7435ayy62dqsar4
HAS bafkreicqxckauvhlluic3tta52iwiaudqn3rw3eri7ivplprb7zpjgp3ru
HAS bafybeiaa7beqkt3zyd3k3dkq2xdu4oz76wr4pw6cnxieejks7ikwvgecby
HAS bafkreihxahnmah66xflfh4nchvzb2coilfjkj254xqh3ozkwvxd46eesfm
HAS bafybeietvo4aznxlnybfa7vfimwwm2uoljdlnekqihbymnl5bzh6xdggfy
HAS bafybeiav7bx3rzz6rv7zq5dq5yxcq4cpgtk7prwrtuxgwasx3xaeabmh2y
HAS bafybeieijoohoufrgbdhflbrnd4nrnl2qgovfxeylsfwvt35eagtotutzu
HAS bafkreihufcmgfadlgsps5r4c4kyjog4b6r5iihdlychudbitccobekvraq
HAS bafybeia4mxgwci3srs3ncdmh5cvyaqepojgq3pz6ebwjn5ywuljlvr2qxa
HAS bafkreicn6dmm5ynf3k5bly2erkuvsio5jn26mbniqrzqgxzacqt57fjsqi
HAS bafybeig3mflumx26u6g6mtrl63ot6vyejdsutfofhuhmsqqa2o7vxh2oy4
HAS bafkreidss2ftw7nlp2v2xmos4umi3mgs23cl3xce6alkg7al5cstbmv5u4
HAS bafybeig3mflumx26u6g6mtrl63ot6vyejdsutfofhuhmsqqa2o7vxh2oy4
HAS bafkreifrry2fk3brfrusbyemwzpfcqzmwr3lphs2ofycz3fh2443323tzq
HAS bafkreifc5rwgy3w7vybdzxvrih4fyndqvcvqmdjep6cmig7zgesdsnre74
HAS bafkreihjreqdsvhnzb7tmotnrzaayawjavlhpr7mffmvecg26s5s6afgsq
HAS bafkreignqq6f6exqiugjln3ji5d3d45aztmbsbqgfz5j2fze5dolqp6pdq
HAS bafkreidrc2pkmhajpbhlvao7ywezcnywa2j7rxzdj5wnksdg7kkpzrlywy
HAS bafybeigofcb5tjnr5taqvrqkketx3yofc3fo24clabpseazzkrl6odwp4e
HAS bafkreiflk53h46rhuzefhxgghmdqosu7aupqcddfsqw4ghxrn7il6r4rru
HAS bafybeif7lkf53jmnldlvylrrbcb64ql46esvpwec2gdbhwtn6zsp3wvzze
HAS bafkreibpqvtvdcjzjwx2dykuyefkheyv6roqhm6yfb5vkalmpn3vadkine
HAS bafybeihd2mus2wofdzbptj6obw6s2q57s4b5abvvzboqyyw553ecjyq5iq
HAS bafkreiexp6tp6bst43ru2sr5h2gcz5bhsud6mkiqrmbwsh6uyfxp33zlda
HAS bafybeigc257htxwvm3c7cygjqo4enoxbjpqjevfmbiw346wsnilmhbfbiq
HAS bafybeih5yxqcehuueugvmqq63ir2pxwhcirvbueuyyk355i6iopyzwd6zq
HAS bafkreiggi3yerpn7tgf6hf34ocslsidpvyiqsv6amegdlpo4ppjjvfsxee
HAS bafybeiajxc4mh4xtwa7v2t4tvnq2snunwxua6tiehuhfcg2uko2i2xmwsi
HAS bafkreia4pjefuhxv6yrbrepotwltipaf5isu7npxsvq2ef467gbd2thjqm
HAS bafybeibntscan3yvsqtgayblxddfwcpzjztmyoidrh3tbvdw67pnumprfi
HAS bafkreiarmdqelfkj7pba5f7ofmpevmcvwht2jjg5jljfyrp6c3gi4kcaky
HAS bafybeibvgoeslol67unehpnouk4zdxiv7742qzbydqolyyei6vrisxpwqi
HAS bafybeig7o27uyjrisryardga2hqondcck3n65uk3r33lgxhzydpz7p7fnq
HAS bafybeib4txqctmgl62z6fhiwhvzbao5hiopij66fv6phudz7q4qivgnfvm
HAS bafybeihlypyqbnpelfs64yxses4tsccao2dzgfnu33pjwwswhcbqdwwzai
HAS bafkreicxjccicvsgkya7tyf7dutp225fqdcbdvxowhdzq4tceld4oth6xm
HAS bafybeieykk6d7i4ecmdnc6oq7p3zndtyv3izr3yw2vichbijm4wsqk3pii
HAS bafybeifiq4vvhiusoqealjukzrxcbp53gtrrgwt537c6qjt4spkndunwbe
HAS bafkreicpivwhauuxbcuplz6smdxezhsjz5fiq2h35vz7mqbn2qeltl6hzu
HAS bafybeid7ufqx4rbph5igwp7ymugvwx6csxjbphjdcbi7zhcoh7bgscqqie
HAS bafkreibihn47ieseqkctl7csxqkqkaj5lup4kbl5uue4txdupcv67bn6am
HAS bafybeiaambhsumovew3w66s3qeneglpumpu5eyxatjwukvqgmhi73g2m7a
HAS bafkreif72nkx2lfuap3fh6uklhzovgkgf3zmtj3oj2rozy7v5rkealv5vu
HAS bafybeibqszyxam7uud4ldk367d2ylmv4yootak4sdm6hxmvq6muhkdsfaa
HAS bafkreieay7kupp3db2uzgz6hqvx46pbrtq2om2k4422dgobd3k7y4bg4ta
HAS bafybeiccc2gbdgpnpknrpohxc4zekhznskhiukrmj6r226ywyxhywi26oa
HAS bafkreiest4e4f5lkirwpmz5ym7k225f6bsqdd4yukqvk2umx3ffrvb2wni
HAS bafybeiee27g75azyczdz2smaeaoub6jvlq7svpoktcb5dv2py2rkucvblm
HAS bafkreihrhbaf74hcgtti3f56u46xvjypap5wan5xag47u7a6n42z2exlpm
HAS bafybeiab65tehjlt5j4luaaxi45qu5j4bhiaw5znl7wzbc3sf7puuizp7e
HAS bafkreigbwmr2z4bovke3d2kydfv4obu5kuxdzogpfi46smgnetocfrnlmi
HAS bafybeig53u4kzrs2fpt5tmpl5yeujxbm22oqe322o6mvx2slibotwilzkm
HAS bafkreidony4ndknrfming66qfa4wcsy7y2ky37ni6jp4juan2kc2hw76su
HAS bafybeihawckcd44erkw7ktsgjsn5rrbjfqz7yxqo6yj2r3cop5genhqlei
HAS bafkreia7agnmcxr725q2xlhy6mjr54dd7r2k3it7h7ldeawi4ngf5zyjci
HAS bafybeib2pclu2ogbkwfqas5y3cia6zts6xundwgwmkkxjg4e7jqshhjrte
HAS bafkreibtjxmoevkdvyqm7gdwooozf5jccwxyxtnakmyykm2ez2gnawhe4y
HAS bafybeibr4ctmnt5x6oe2k2gn4pkyswgdbqbiqidpusupdv4nrm4jzwbs5e
HAS bafkreib6xumcakyww45dnwpkyk6ulnj52bqkr4oah3vhb4fjxl7qjytg2u
HAS bafybeid3qk2b5hitdwixyc2wft4pelkbihvowfybri5uswbhaecnooexhq
HAS bafkreihbygtufcfgslbaoftvrtdvpdpdaphadkihq4y6ljpu34rz4mfhpq
HAS bafkreibv6vbdyv2wltboo7ezbmdirfkc3oplxrny6n5ngqaic2nazsbfde
HAS bafybeif6nphqra3ztl5ophyuf6x7zlenkueylqvagc6rbke4t7zpht6y7y
HAS bafybeiapkkb2xkdcg6otuj6u2xbmuymen4qpkq5cbbrqbkh7uq2552lgj4
HAS bafybeiestz4oqag5cfxx24boqax3cifoq22dnye2kelx6skjjuv44kl3ru
HAS bafkreicdx24ohkq4ujlynqn3eowlobaggwd4uv5gtu2b5zszmwunyynooe
HAS bafkreick7sxlokgmzptpdjmy3tmoaccg2admdidvhlit4wc4j3va5n7q7a
HAS bafybeiaezgrejeijfu7rntawad5k54z2ysmtee46yyvcg57hp2bycf7a6e
HAS bafkreidu6h5s47ror6j3wfmfw2ec4orjqsvsen2642fd4asjegaoha53d4
HAS bafybeifoka2qqdc25njyot2o4cv4ul3wo76ykaesl5bc3uow6k5v2p6mry
HAS bafybeiavwawd7ghfk7zdmalivmwuj4xnckgn7c5b7sximuhuedhwx5jkma
HAS bafybeiglkm5j6vvljrf4pa6x6psvbiajnurgrtxr3uwnyqgls7aaayglwa
HAS bafybeiforpjqsxm6pwrgafchar2gyj52hy4ie3pbt6vlsjdomszn7azu2i
HAS bafybeidy2dzewc7qcjqn6ucjg3beunenni3ti3eg6txai5itjukt3g5dsa
HAS bafkreibuaask6nbgusn6oqt34osg23iww2m4aebtizrewtxbn55ywdlda4
HAS bafybeiaqoucrf5mtaumyvjspaiymj4n7ikczzslccnjcjdwp43xcf44i64
HAS bafybeidoivrekqjcm4em4r6rftsmrdppvq66y6r7kjtryx6bfsxdne3umy
HAS bafybeiarc3pujyaokb4q5fy76sjhqf2dg73hzfwt6iu6eiibgdle46x3ju
HAS bafkreicbwsk3ni5viw4arfw3v5scnrzwxdc7sgzru7el2x6xdvzbhgbgrq
HAS bafybeiekj5tgipen75ptd6vvs6szqmbnxhpqjlcjcskzbzmcskawqapi2i
HAS bafkreialu4nrvptrscjgagwfj7g4bpyyphxwidsulyo6i5noabtoo76qiu
HAS bafybeigwytox2xmcbdsq7ia3hayp4oirw5bij2oaiavcy3hmqwo6o7dv6i
HAS bafybeiexzlgiklfqayvmahtgha7h224nyzyudp4n64dadg4klrpyl5aqc4
HAS bafybeihl242aqjp6bisagfqhibyosc7r5hdeux6cbd3yderwajkngsylrq
HAS bafkreifxcnvxqsxn7wcadsw3mnbgpw2v4mixfuovbomxahtnp3yrrohbly
HAS bafybeigkoiomerju2joqsy5fyzbbgfsxm7ghwcioelj6n4776oyjtskfcq
HAS bafkreia5fsrvcjpkrjtij4ltilzkjjai4qwk3c5lgftvcqh6zquqczw7b4
HAS bafybeif3al2qor4biyzphsj4pjg5c77pesommicabzbeefvlrhnv7ct55y
HAS bafkreifh5o4bcsyhhidpt3fimrfok2vhike3jmk2csohhs4kzfnswfhhlu
HAS bafybeif7wg23hlntifqq5m47feup7yicporl2ryld26drk5yjcjovwpqv4
HAS bafkreicmi2gacfylkw74k7dvo2fw4xpqzm5ndh5mykrnnomzsil27que5u
HAS bafkreieyy5fdj2ongswubh6xzusegtku2jvp54kur7l7cb2dwuhmmgybha
HAS bafkreieozwl7wwsqfrt2zd4cvvvlm7dnlieylyg3c57luwd5s3s33mousi
HAS bafkreig3zkzwipxehzh2n3hi6xraobbrt5ckqeslqwxlyjwqvkur2umsji
HAS bafkreidilxwroh2v25vj3rubxnmluwutv3wpadzl6k322ufoikgjh2p4zq
HAS bafybeicfifl5u7zq6buttonyfha7sx2l3okgwyvzscxnkdradcypgtvyaq
HAS bafkreih54enn57qrreemutcov5tiuqlyfu37uhmvhiupabxrn3xnonjgq4
HAS bafkreifggxjhyge4n2452wxub7yjmk6gzeyz6ttuzl3awwy42hwkkevn5e
HAS bafybeifrzrp75ytcdgocb6hoqkqve3e2if3qhnlk6sun67ad4nzda4pgsm
HAS bafkreigkkikwgh6upvout7hq6z2vg4x2d5odj3s7kfkore22erjlimhvma
HAS bafybeia5tmgekphovs5erahzsqr73qhjaql25opfs5gr5rmeyskr6xuzhm
HAS bafkreibcix7ogb4wa7asw4zs43g62e64humalyn2fknldtdz5jynuzz74i
HAS bafybeidknvabkryjgb2giaglfqmy5qb5chtzq4brktvuawijifrx2fdbfm
HAS bafkreihczwxmpk6uv3sgvvp3jfvlbybzbstjz4sxexmrrxcx4ddi2zxq5u
HAS bafybeifwef43ohttkakduvb5rvkoizlcaxij2iakj6mov6nbzrn2mvr7em
HAS bafybeiej4s4xjz26katmee5pk34nlvwbi4cqxtqpezw72wpdmlaxmaw7ze
HAS bafkreiehcfqmsysydyx6izhr5kvpqs37d26v7gjjiicx4tvyhcegopidau
HAS bafkreibqrrzv6wfzctabpnqbxjilxvcpkjotfrglbh7pjyyu62azamlg3i
HAS bafybeiahkzossp36cqvmwdkyy4n2mfsepmdp35goceq226pvqhopjx6fwq
HAS bafkreidrejz7lkprp7fij3jonamc5ifbdqypaud5skf5mlvnhghucu63wu
HAS bafkreiab32eoswn7myamztstnszjfu44sjngapspltc2h2nv6epb6mf5iu
HAS bafkreiecktcdr5wai3gjx6i5kgxju3wvm25vw7wugqeifh3v3rhii2ntnm
HAS bafkreierl7p77cndrc6wg36klz2kkrrpmxjgutpgn4y7algi3bzjfubzvq
HAS bafkreiff6op7psvjzfkyuykf6dmologxrxbhdo6jgsi4d7ux6gajki2h3e
HAS bafybeibdzurl4trz44u33dm3dbshcrshsyagdgtdlodnlievs2ul4i5gcq
HAS bafkreid6gl3h3uy7lqbwqkglmytqxnqs62izkmnbtdbmflwmuscl25xrke
HAS bafybeief3fxahdxkosihqgmsooohlltajhbwvaum2bfmbdyeqbprjws3pe
HAS bafkreigjajt5x7mna7u4mfuvama5ep3vhz25j7ippb3d2o6mp5zmarspae
HAS bafkreie24mpxvldtqtjp2venvnykgaeq6szzm664sckkzsi37sgh3kofzq
HAS bafkreiehoazn47qbxgpjdfjhea4b6kmz3afc4ughxavrbgj3l6llksdos4
HAS bafybeidvlyrakrcorhblr62y5fo7vpmflqsnrgxhrkj63urouzgywfqrj4
HAS bafkreihmcf43qiw4y4khxugdrq5ju7dvpwlbpoqwzzlevo545qh7jdetf4
HAS bafybeic7m4xj2lvwszhis4r2zoupoj6bvnxjyydlpew3x5wqjcprgzruhe
HAS bafybeigy4rmdp36y43tungqauxja4j7o62c5aqdh4uiv4qab6bubfec5rq
HAS bafkreibo6o3vjuyrzv3mtce2m6wycxenojhawa3ovwucazhghy7ttclrgm
HAS bafkreic4idwbkpggbu4oic3nfxygzbn6dn2feqvikeu36n446qm7bqhxmq
HAS bafkreidwog7wt6o5klgrari275dqasg655dddb4myiygaq5zmmsohsgr2i
HAS bafybeia5ysoxhxwnvk7x2o6gvrdmiiq75auqtgbwhz2zdho72v3olaw33y
HAS bafybeidfrxltg7setjyhdxwmz76jmpzpfr43bkvzqgmwcy2so4cumiswri
HAS bafybeibmcp4iz57xohicsfaf2k7ak2wz5zrgxws3673qtrshlwug6w6qsq
HAS bafybeiggir7hilzc32k4c7agvi2cvhdga7hvjkcu5l6gldkmt4lngyfgrq
HAS bafybeia3yhskvblntqvz5ib4a7zkfvsahaas5umher7hn5d5leceuuxzl4
HAS bafkreiezvudpygb5wisdlgsyc4qtxpwwr2eqzw3jt472uxs5yzbvwvqp6a
HAS bafybeibqi3uispzjrl37mxgqhyv7u76pc25pexzxvsnzgb6fl7xqpxh4qq
HAS bafybeidthtyutgiaixmrpdycuda423xnjcrafijlyuiemk64gazh5vot54
HAS bafybeif24hwopgpeu6c2tgr22uprdbjaxea3a3ilgds53mam4fj673bpsy
HAS bafybeif44lyy5ijqwbzpp7dccyfztdl7ara4acez5w2ka3fiu4f2omulv4
HAS bafybeiho2gsfnokql4zrqtkz4vsxfm4pb3sdkd2i6ugth6426iqb663zfi
HAS bafkreiea3mokdokk65kyabatzok2cnns3qhbl2l5kmf7uiolmcx7xlwxdq
HAS bafybeidrhxe2bp3xsevfev2qayivdoasixboy476tin3canal7dfx57ceq
HAS bafkreieelrejpwklkennd2746sfcqkkozthxr7szrj3isl7n37tqnpu6im
HAS bafybeieclf6dzznsqssxm7p2id5bnwlg7agzmp6jejcyu5mywbyvaz653q
HAS bafkreiav7xqrrzbtvmpuh7kf4od23nzm4dxvrbtiomxv7rp2u7vmnlikui
HAS bafybeiertypvosvcecnko3eqqcn4yslltstpiiw22m2o7s5evhzblj525e
HAS bafkreiffdq7kiehujkuk2twqhr6fzzyhre3sbkhuvomesbtayvodo47z6m
HAS bafybeifpu643aq5wmd36cxmgktvgwcub5thbd7nf76vegtph4ycfb2gj7q
HAS bafkreidurtdwmd63qclikpriqvxu25msdcz2ugtmhmn5bnxnam5hexaqcy
HAS bafkreiba7uztunaw5zzyrflhlb4txa4dycohlzcutrkjywpzuoh3spilme
HAS bafybeieuhglujhxn77vsho5kgkkxstermhhmvfhnjul5zsh7eq6rf6fbke
HAS bafkreia4l6rrso2u53224wmps5ak6z4c4lczruzkolqtmjnn3ul5p7ffw4
HAS bafybeihi3j52jpikegvmb4xkjl2mbq5b6jmbcs5hzmxpkvl2voxzpqgm5y
HAS bafkreifqhp53wzeulrfw6t4aqw76rekaobfr7m3vusapzwn6fhuxqspc7a
HAS bafybeicdj6cymqozpossyeed3kqa4d5kohomsxplhrmrzmcxfbs2lne2l4
HAS bafkreiedumroydh5vn5znctrdsztqyjzfbehplwt6e66pjbmsxgbqqwqd4
HAS bafybeicsancjzurrgu3cxr2yvuqtou2qjs4w5bqzhpcctxjyd7jccj4lxm
HAS bafkreic7igmst77z6vlcngp63nuhuqbhwtaodxtdmgajh4hq4etnq254iq
HAS bafybeiefwvk5wqyq73al65mj2am6zdieu6hz43yoz3orxw3d4seit5maka
HAS bafkreigu3wzmbt6wvndfny7gbnn3yl7gq3xoc653qb2igzpsjhaw3245k4
HAS bafybeihle5sx4x2j6iganyy42o7wtunayl2kz2th5rybzjyliqiixygovq
HAS bafkreicsftsgeowz5pdwjla4hjw37flq3cji7uxek7iq6fcbqc5eldlhee
HAS bafybeidj7ak6g5q2t66ggcgmlyt2pyxqmq4yrsekysjot747xda5dnxtou
HAS bafkreidcymxdgzgtko7gdk7motj7mqa4io2ur4k3stclrrxlj5wvmpse5q
HAS bafybeig5ic4weu3ytfgv6bmnpuje23gchlbdlqhwbh5hpbxtbu7kvy63py
HAS bafkreiab57ud2ptfc6btkacejhxjeom6mp2r44udhtaew2p3tganmgdsti
HAS bafybeibj2oh6qxyebon7nqm6adw7ssnwlvll27n6xgtd2pzvda6fkdd4ai
HAS bafkreiarnaotxo54hznq7gcu27zvcu3pdc323blcjzgrvkv5y5ytgorvgy
HAS bafybeiasxchjixcoff3fu5rkngmchwllyolk73kw7yptaq2cxybfuxhj4u
HAS bafkreigmc6or6ig3qjpw7u2zahubfocrgzzkzg7l75mf5uhgpqkcy44bly
HAS bafybeie4na6gtsy73omodimts4yh2a3oo7w23dv5cg3jjw244pyelvailm
HAS bafybeihmxqojtnljbdp2rsoi6akndab4i3o7kqwziduuouf3rwpmpg6jae
HAS bafkreidf52qd3tqysflawlir53ohs2gpovtjes5oholicn3lda7hquo4g4
HAS bafybeiemfboorqrk3ym6uenux6rpk2wu45nuf52qxactpo5cbwsds76fw4
HAS bafybeidn2hj7di7bntgl26qtll4oywkfgscredmen4lrtrcnlyilltqzfi
HAS bafybeia7cqop4awdy5zhiond3cyy5vys3fvvaanpx2o3cu4gb5mdiutrsu
HAS bafkreia7gfuxyy42okauu3ngb7cmor3hfqw2hzd34vk266hir2myp7wtla
HAS bafkreifxd2vhjtofdxyjryjduduyzfpsfpi2krrr3js4eg3o67w2sczpmm
HAS bafybeierimh62oy2ag4jznsix2qyhti4cgtjhfsk7d4usfapx2fashuluy
HAS bafybeig75mffa36uksoztyk72bs4po7hdug2y3jnfwc3pjhsba3ekq4rty
HAS bafkreibjw2asugnx4ybvji352tmfwrzwnks45324gshshr7gcmrjzh2iaq
HAS bafkreie26ztg5xfasnfhtjcg5dbxf6emlkrxfghhksesalqkiznlr75pc4
HAS bafybeic6t4rsvhctzofxco53gd22hiqq642muadbpuoseujgwgvcj6qnzy
HAS bafybeig2ntnuk6rzw2oplbyjlk3s5wi5dbkdh2sknan7bpzlse7wtkl77q
HAS bafybeie3aobubmnah2bqwld24ozqnjjfqdwzfjpl2a6n2lklkxy2gdlqpa
HAS bafkreib4cxfcdefbjkw6ckd2pn4x2fvqekvr6ld2kzwcudflvygihzwm2u
HAS bafybeifmgquoapeumuq5x7ckxwvritwj5nudr4cdotkppwrdg6eeustmsi
HAS bafkreid7i44et24lityr7mm5ukmywv7es4yb23gczcz46jmxbkkuephdpm
HAS bafkreiekh2c4bchkwicyq3jyihlgu43ndbdg3qmcvt65txttgttv45ef6y
HAS bafybeie7goumvsvso6csr5kw7dvpat5gb4tznmtxbgox4e2xlqeu6yknau
HAS bafkreicgqexxnfri2fds7jngfjasmopf5alovyu7z7avnnqihmu6irvvga
HAS bafybeiacvizf3drq5zacnnjozrfg6hj5qykbalikotcukbj3qzlej6nmlm
HAS bafybeigrzjjprjsrklkg2jczzxob7qt6u5ugu3iacyubsh3s26dqzhgdw4
HAS bafybeidqqqle2vcqkb5q6nvxbobdyhisxwyy4eo2k4q5nwg5go6ghtvjzy
HAS bafybeib76odjstplkgsmck7cr7g247nnxmfqbh23fqudsuzyfhujrvdcbu
HAS bafybeidt4gbu6rnzhzf2ofbkxe7rw3uvu373wrgmwxcdorgdzltlsz73rq
HAS bafkreiaxqek2gjixcn3pdtbkwiyp3lvniz3wcmgja27iygvheunscb6mdq
HAS bafybeiajfgetucgighee4gjpkxnxbkqtxix63yke7jo2zaqzfbly24sh3i
HAS bafkreiasqsbb2r7fswdfsnszh2szh6vw32746r6bemhmgufpw5v362652m
HAS bafybeidrh4smbsnehflnt4zjkjhidynptz5r2x5vqmoiggz3ml6xhzfn64
HAS bafybeia4rl77qslghftpdnliobc3uuzggtwzgfzsrljpxl3nze4rdrb4xm
HAS bafkreiam5a5gnac2fiztsgzbneup6g7y4mm6phnx3otnflcwzq2keko2na
HAS bafybeigdmiyfvciwgh2jsal6lqq7zj3z2qvbem42frs66ljleq52yobm3i
HAS bafkreib356n3tit3fieimjse4vw2k65hnq44d4n3qezteqecqrq3cfrakq
HAS bafybeifggdnbpbpanlgtmznklc65mogolhvtbhcgv6p2yqhmraznm4ahhu
HAS bafkreicy5z4qnx6dyydwzi5u53odpihvpt6sstvbzljgtcxjhfipu5yzbq
HAS bafybeiboc3t4ptspl7um5arx2polg4onleg74az6xb5f3g3gjx6iod3ujq
HAS bafkreiarhbkk5ofgbcwev6wxp34xt3l6zqwpq3cnufdf6gap5pi7dcpzei
HAS bafybeibvxwnqh4jt6f3dzwwa2piyp4dc5bmb6f3sry6sa2ys75kmzo7tey
HAS bafkreidchdha6toyeduwwjalgycd5j74iuumusn44l5ww4jkboucasggzy
HAS bafybeiemmu63irgybpvhgszndqedw3vtzvit5j3ak7yroeuomz3ym7psta
HAS bafkreihtstgdfgkqwnajpoxjrkxjwuzatuc5plq5irp2tez6f5kal37nci
HAS bafybeihjat7372nvhfohm3ocdys4p3bj4xg7ezxb74emnnutbrza56misq
HAS bafybeici6ziedklauupfdwgrcb2okmdf5hs3n5z3s5mrzzkugxvilkkkxe
HAS bafybeiblpueqfm262sao25kt6i4mtoxitlkavqqujhio4sf7j4qhvlaoiq
HAS bafkreift77mvh27vpax4rryrj2pmwbltc4tdwd7h4ifkbvrw2smhem7zea
HAS bafybeigp5lrj4fqn4bgwniyvh76w5pfcovtpucv7rqhgk4rxprhrnvsxzu
HAS bafkreigtlwhyd5jlqt5yxxsw5j3a6vnovhgsa4czf4kiumpxw7xn6ygwwy
HAS bafybeihanxlolybhhqmxrtnkjwrqvv6545nxz6yawumgmbiqzmw63bcn5a
HAS bafybeic3ybuq3x2dxnqrohpnqwo4ub2e3uvbpvarkbprizxhtmmj7h67sa
HAS bafkreictpmssiroucgclqqds33l4ozbks6loizfwxmi6pnarzbk72hqmnu
HAS bafybeiamq72vgfwciplxc6leomz5uvwcqwszsr7snsynfopseswbmgt344
HAS bafybeifm4cj23ezftkchq6d2spvz7iwk5qb7vwjz2ac7eudiiy3fbhsh4i
HAS bafybeiaq6ebgtwez6jaaduwkcthl47gehl3c4n5nbrshtz6f4ojs2rpaii
HAS bafkreidvvz4t5mlm6hqujmwttn5jbsjl5pzcc2y5benwqsj7u4yl6q7yua
HAS bafybeiguqt5x46ugclnpuqmk6vmp5n2slfmbw2njnxxugafjp7utpofq54
HAS bafkreifbbredjvjlawu4j2xvh5q3wcwttjqmoy7zmb2io67a2an467xgpu
HAS bafybeihe7nvyk35phjoqvz3thmbv5ojrfhcb47u5iidqv3ixlhbpqc2xnq
HAS bafkreihnlhkj3myxtpy7qmvfezgk6zc7ufuks3ffbjfr32hdn4ux43j7da
HAS bafkreihicqdqidfeh4gxbylpic6pehzxnc5zwqedmd4ctjgfry3qelfgu4
HAS bafybeigoxihqtypxo74bi4lzjckiftttjcqqa33j73oe5errlqakkpud2i
HAS bafkreiebnbtiz4rch2ky2cjesqesk4k2ctvdoxn33wniznao5m2sqdrsz4
HAS bafybeig534ggfyyxjzmnhwsmvnpe7ki4rpi4fducnfl3hmeuuhoewwso4u
HAS bafkreievciocqwbey353q7er5vcwiwkdgdsvv2z6rkwul6rpa2rglbb3sy
HAS bafkreidcbd2o2ujeac6ir3sypzglja7oipn3s3hstfuo4dymggqbzsdqmq
HAS bafybeih6ywpirbyffgwvg344xca5m3arwbnfvt456bktwldblh42xc6lxe
HAS bafkreihlgv6wuzqls3niaejhklz5ivbu4zcxoohoj46neiyleocy5uykxe
HAS bafybeif6z4a27txks6kgv2eephx6hlkbxhqm4had3f7shyak22fw4rfq6u
HAS bafybeiga3q5ml2kjflzeloss3ksk5gj6gmje43kx2kjb673fmlqxafczla
HAS bafkreiatfli5ep5q34c2q3ojolbyjygjynczkqsko7uf4o5swj6ekcrqe4
HAS bafkreifmdv2lcmnhe6262ptsrtq6ndn67ejwk34vrytgkmy3tfee2tmme4
HAS bafkreihhwe5gzem43qhzpvblrv2vphrcfsan3qcod3i5luqjk5p25d7scu
HAS bafybeifl7ameru2jzf4sk7j4b2ztrmrnscclvwhnmciytzkcdmxq36szlu
ERR bafybeiddnn2u77ebsb4hwqwmofzgxt6o4gz4vc75k4e5dpeqafcnb4j6mu
HAS bafkreia4txnf3b5nnbgcfu6jrkyieh5d2bgvkqx4esl5w7naetkr4ooywa
HAS bafkreieojkaitf4xedqkttwtj5pmnc3rrnjp5h5p6zjnkfxgiecddb56du
HAS bafkreichetlpy5hapfxj32ahrtf3cqesebmi6btihjc6zpu5vlx26zxleu
HAS bafkreia3kapmuip4p42wrs7yrc4ykop75vfjgpyi2dnmyuttpz45zqmsxu
HAS bafkreihfanop5q37rfy2l7spqrpbhnaoovymuzp7acwbrgoflxm53oziuu
HAS bafybeibrv4nm2z7oysyebbkx4bcsvun6ukkxzz3wimoltzvqa6f6idhpj4
HAS bafybeibki65xzznuunsyrkjra43ksx6lav3tyth4l5avggna2shntim674
HAS bafkreiffudsv7pnfhuuqwesmhgdowrhnjwbnxwdehz76yx2u5pcg3orrha
HAS bafkreiapeayzk2z5qiocxbu65b4p5gzxfkx6f4iuon2dkuwaiy2fagvmli
HAS bafkreicxnjewcoem5vb3tep5f2kqqtyd7lvx6tskfhwuameyhuhbq2wjf4
HAS bafkreieeqfoacnqk2iyxumhtbsmk7y474p3ohuhjjnaau5pqixszpkdlqq
HAS bafkreicbs2tc4cg4ot42lbn7favggrck7l5kmgad4quomclcuszikt3dlm
HAS bafybeibsrgeq2ca5j7lhk5c6dgmji4zwqydt2dsyde4d2xwiteh7sg7omu
HAS bafkreicmvqkmmcho2mlictn2taz4lyi3u46wkyfgblt7uq2jzjnu6xz3wq
HAS bafkreigmsyjifg4hjfr74zq7ozwvwthcaf6ycd4w5c5zxp3pktuc6wsxyy
HAS bafkreiblpjlbm7eq2n6k6wclr4iynz26wgnbo4naojukd2cq4pipsaejnm
HAS bafybeid4phbkxiyzjh7jpnxwiraccukk3fkypg2gylggmwwkosxjbdzjuy
HAS bafkreiemhe42xipspzq5sl56lcwaonmxmwmwohfh64bx2rv5qhakbgbsqq
HAS bafybeiasj5fjcxcasq4pbyeuaf63z6n2y5l32ipj5veqbcwzx33kwep65y
HAS bafkreihztl5gxmq24jqlb35d2p32k47ikpn3ueryo66xbyejs32vngbk6q
HAS bafybeifoxpxgewdvelh37g6bgfkq75r7rwfsgxryowe3r2osnmwjlxwjxq
HAS bafkreid3m5vd3hbwra4vut25rs4itchub5d7kxnsolaxgcwebwe2syziga
HAS bafybeie4l2fl3h2lmotarzsjkty5ugbp2yng2nh25xsqse2xf5sycqfd7y
HAS bafybeic527gy5nimlajxwuwmwnkyvf24qwifsztzffehl2bipeezmalude
HAS bafybeif7qd2ksebqxy2ll4ug3olhgtwaswkgekeeqbb54siigvazpg4x7m
HAS bafkreib5zpglqwgrebvib6zggtivhwhxw2eowjt5erqu2x3nb3lfgvjuqy
HAS bafybeigut5ls3mr2nkkax4urapr5k5bfyrozswmdajdwceyujlepvwgpxu
HAS bafybeifh45r5gaxvsjt5n62isxwxhaagbhpjo6nfojd6zwzedlh6tm4drq
HAS bafybeih3im44mrawxzvfezwuyrcvzw3t4hkr4vbttjflbcz2slnfi2fslm
HAS bafybeidjis4pbfwxupopacs6jui7aeivc5lqn4vuuvrhdhovg4ymd4aao4
HAS bafybeicqe4skduu7wppigurec2fs5i3s5uzqutczfrtnsgi4e242dalmnm
HAS bafybeic5l4xbmant6v3jyro6zlljehaqv2ni2ahf77tbwav7hxxdnoruqi
HAS bafkreihhamsazzhgaxufrwtkotzz4w2z3w45kayegwqch7aplxfiv372fm
HAS bafybeifisggg4axwbin22z5lix7t6eywfcidt7x3ga3m4aej7fpprbd6w4
HAS bafkreiacvgwdxjbbdqpx2ica6zotx5vncvmidv2wfscodgk64v6ay4h2bi
HAS bafybeie3qanxqexl7oess75suberbmxlmu4quc7ld5wfehhskznacf32uu
HAS bafkreifh5rrhk3dvjtg3lmqdnafgmib4smhyuirefhyma2rmdnupfzgcim
HAS bafkreieiqomu6qo7shewmkjtsbfqxbowazqhm3xnvaxgvaaleb3psuo7ha
HAS bafkreigscchug4ghdwbvxcdum3mmvoyhisim7hpna4irdln6jkwbasutim
HAS bafkreibv36b4ks3fg2pkc5qthbqg5kjezefrnafhlskrlglmtpgafffxsy
HAS bafkreiaana6ykv3qyfultzwt5qbtrjmblt67ijxvokwulhofm7ranwvzwq
HAS bafybeihdhsmb3lxyq4q2skjwhabi3nw3yxhak34xjjlkl2cyjk2az4ijlm
HAS bafkreige2fhjgamx5larj5zlbjalm5fibalfaiybpfvwjf5aa5jeepd6gm
HAS bafybeiahxq7pxjjrkbycufkvbk4nl5bcqznqvyftw2j3grmowtumefaz3q
HAS bafybeifxis6pnz3iiunoch2rlxbxd5kfycbupviq34n7uouhzaefijvfde
HAS bafkreic56gy4laak6gozsme2cojjctfjgeyz7rayjoonofm3r7puussubi
HAS bafybeidl2hiljr44bcqyvrvm3nobzbeurwjvwor5vchwje766k2empopp4
HAS bafybeih2n22p3xhfmla3f4pllw436jcyqisjv4wyukmm6wcz4gwersab5e
HAS bafkreigdnci3ivzzglg66pzptasw45hfafsslbfsabwokjgiqd2l4z2uei
HAS bafybeie322e345e4dgarl35ftwevqifjfb5ozgrrsi2imythdersupquyy
HAS bafybeicy2e6u3fytlmh4prlhaiihbmd3z5niwggfcvbbjisvaa5zjtq35a
HAS bafkreiekckbuhr7t5t6way66vlqqz2sxuhqdqd3csq54praijxi3eulrfy
HAS bafybeiek6uzzscxfeo76g7gs5k63hpsfvbummxw3hmxt3a5v237y7ix7ba
HAS bafkreib2ohxepsaimnexnfgwtcm4jd6gtayihuxfrzv5ogwqvpwmcnsqqy
HAS bafkreigpraxpslwmonzvanrbxolcbjp5qr2jqothlchgxv5k6zipeypvdq
HAS bafkreicetqmyumjpqq5b5hnbih46ftib2reomwuovt7wizya2u75za34pa
HAS bafybeihm5mdeizr4cp54puiahr5dmmhz7ohc7qvjj5gppmfzhlm4jvxc2m
HAS bafybeihuydjo7k4dpgl42cwqdbwe3fuvaqhufeltinwpjlxs3udvn2iu7u
HAS bafkreifijrlsgkfvnfliuaxqktma2pffic2gc254fxdxjvpi667a54z3y4
HAS bafkreih5ol6uohtxuflk43edhgmks3vpeiaiwydgbmediy3tiwybtmpocu
HAS bafybeie6nx3cpkswese4pxybi72nl5i5ddvpiuvwopkh6h3gsvurkhgx7a
HAS bafkreieggr4om66co5ns5brstap2bjtwzruiej3rznkxsclfh7dxw2bklm
HAS bafkreiafkcvwvuonha7k5qh4gmqlqns6zfqwqoi65q2rtuczhutuzx5g4y
HAS bafybeidqnko5giggvp2hvnrijfxjjbz2pgzpronk7f3fihdqbjjh6ceifu
HAS bafybeig2xu5eft6on6me5axfq4d66hfoxqujhe3euo6l7rl2sbkoubmqmi
HAS bafkreiffzaop63jseozxzeubchghylfu3qs76ogijp22k32i6y7phac6ta
HAS bafybeialpamqtlrefhu7b4bcihck63wufrkawcztn5kavv33tt2s6qzkfu
HAS bafybeigghm3pk2w46kwgicxhfkfjjmrl2atmakcfivsq5tcwo6y5gf7o4y
HAS bafybeidzkp4yfnmxrfqfgfy5bkztevg5lojqpmde6w2hts5haiy72gpdya
HAS bafkreicitmposwcddcn3elnowo5g67g44rw2sfklyaehj7qiuqgqlchqhe
HAS bafybeiby3p7lelexppkz6v4o3vhwep56eqzrfmpl4naxr6ud355lvbezou
HAS bafybeibtsl5p6s7ejarnt7ehquajdiabrlcrdtwa74gxf4uz47jjqkgmju
HAS bafybeifd6gmierpawzlthwvhvxgwu4jnqfecjs3rfvqzigasu63ucydl2i
HAS bafybeia3ixhgvpsgvk22zscu2jggqnwdp4t2tgqz34tnbnhrgvo5o4atr4
HAS bafybeid7dy57mn2ukqeu3qytqjkj67kfjdnudoz2hrwawyp5pp35nsdpby
HAS bafybeie3frbai3y3knpsaaexxzrrpmibv6ngbmq3e27f2rdk4qqzcn4au4
HAS bafybeihl22fty3lkzegknnomprrxafbu5c7nrjbhfehhqe7uydpvhjlfci
HAS bafybeifarmt46vqnkenj3ir5xeiddyojigynetmnulwb3ogqpzn7yhwexy
HAS bafybeieo2bcdpeultqhxvcbbk7tm3h5dm2xkyi3yoaevkbedasl7a5l3ge
HAS bafkreigx3gd4coidgnqbezssx2c76oufavva3pjqnuhmieni2zemtrvo3u
HAS bafybeiftzmirt56gx3tvwwpyegts4duajpnyhzsgmnvbjawcwstcmqobkq
HAS bafybeievblsv3ymuo5iksi446ypryea6v3zarrfzi5gm6vsjfvown5xmwa
HAS bafybeif2vzo6g27ryvbzmo5pg5jdxqcm45tul5wskghkn34uvq2ona4fna
HAS bafkreiezs7h6jwjnzmyq2ut23lm5rdkw6lcwauedyyc6u6qtevr2za5efm
HAS bafkreigoycdqgmz2adkzl27jrzvpn74euirnim3rv5iwsfnybsqt2ortyi
HAS bafybeih3gasbjx4wgdicu7ulp4f5r4pafc6smxsqqhso4cfv2rbzvn5flu
HAS bafkreihui3utwegygcdjvvpq6l6enlkzbh4wsngla5wq4gddlzwzbot4ju
HAS bafkreidxevx6iqjonwacengju6utazx4fu3it4qoix5e3nlz2qk44hsi7q
HAS bafkreidx5ubygp4f73klvjivhueaogiaot6wp5l5yppop6wb3bu24ms6fe
HAS bafkreicd4ekxmd73lf46eiqa6bp7e5sybsge7par4gn7r6amr3ot67zdhq
HAS bafkreiao4obr76bijnehajxdpnfwp6lvb2f6y5byj5hikmphai5rndea2a
HAS bafybeicjs3dl6x75xdwgkquszcgcf5etmekzoohupcfixnckybea46wpoe
HAS bafybeialhkq4kjk7mk52rgykxke3rtn6li22fqfq3xhwljiegmdawppuhu
HAS bafybeib5b34jgaohgzgfox2x3grqzoi4l2busbz4byfcaxvow3onw63o6m
HAS bafkreifvpqy42vriue2xrsumolxiopvmuyddmst6jzwmfdwdaatmcrfp6u
HAS bafkreibs5bw5c6brltlngcc3o4noxvwetibhapiqynsh6v2fj4eypqcpje
HAS bafkreigonjhi3sximyqn6tsoc2kkx5gmk3wrtbpzbatwten7bupqllveeu
HAS bafybeiavk2thiijbwztsdyzlihoy6pnufkxhc5h7l7tgaedu3bysngtda4
HAS bafkreiax34cty2yzq5oj3tz2f6b4z44t5cvdyqtfn6gjhetea3jidtjefi
HAS bafybeihzyu6bnkplvyzqprzm6g7s7vbsnvuztocss2wefjm5i2yxcn4ksi
HAS bafkreiav6qrj2km7qx3p5gb2hpmnlxizkyqqo37mek2mi2vvxzvxbyu47m
HAS bafybeidytzaio5wnqkpmvkawixr7zbm4jxnmo2ln7uomihgrvqtxvodyha
HAS bafybeigt7ssi7coy6mjkgdwdwquu5xefnqkowdx33sq4dtx7kntuziissi
HAS bafybeif3h7fywumgykrnw2ftsj3u7p4fglrly5mlbxfyiyhl3j7sfg6osi
HAS bafkreicalfgh37hfqsxv3th4owrkm5o2eq6fwtw2nqumpao2rl3bda6cii
HAS bafybeighx2miqoomt7omque4ar6slvox342a46omo4svdjm5zuwg3b7npm
HAS bafybeicngw6h2u3hnx5k4skalyxv7xr7dywfjxhq356gwd2mxmngwmqbuy
HAS bafybeico5hwz4rx7b63dtzizopabrool3cwctwkzk7yuifitujqf3e4eru
HAS bafkreih2ajj2lowqji3636nkpd2lmbcyhs7mrogbc3q3qfiw5jqmyb3n3q
HAS bafybeievlbjzfrq4zmyy5ltqu77axh4tvsw4mm7jgxvfdcvxijlgj4ixva
HAS bafybeiei6t76xdzsfsfjbwurcifzizdxeu3g53w6vsetbnknvf2omv4iji
HAS bafybeihkiknx2dwbdny3euwpthgqbdstgxdbzynmnphbuwbhfdc6rhtqu4
HAS bafkreigh7wqjwik2o3j7rrzsxnvlvovuzgyusuiv3tdiy3rdsv36ynlxdy
HAS bafybeigyjmw6cypxzxesuhwlabmtabmm3cepdwge3yo5imjwfjmbtglehm
HAS bafkreib55cmtqucvpkj3oqv6unk6z7za352xqgkt742oxlzlutqvfllxea
HAS bafybeig3yr2v7mf7egjlpewq35asq6mmvlebcs7vxrgmbwzvrm4sq3wl2q
HAS bafkreig3vrduz7bbmrohdxoacmp3rlkzuxjoelnm3vw3afb7w2lsub5zka
HAS bafybeicgu77lyezhoq7ze64hhyx3xy2ab2isxa6eea6hjml2siqmzgnhtm
HAS bafkreifsuwai3qkt462xpt4sfrtanmpn4xb3qlpzqxxrue7xdt2ta4uewi
HAS bafybeibwhglywp6d4pkwvznuufl437xlhgyn6vdid2vj6zvcjjcc2gcdu4
HAS bafkreidbi35hqllhva32abcq6zslao3xcokkc4dpyhq6p6l5635sz7pcwi
HAS bafybeihjpmmgloybaotlo5rauwfwnesorstj6eguhhyq3gzv3muvzza2ni
HAS bafkreiggcotbanj4pvtxkgibdta5p6dai573lmjwymnltjfbnka36jblna
HAS bafybeigag6p3dlfcswalzkas4evbs4ozeldvegzbrae7cz2w6cicnji3sq
HAS bafkreiagzjbaeojxao4umgg7cpuwc65oupkmnklcr2pvnaforymkw7t4hy
HAS bafybeiehaduij6dyyskbrpq3vhrfrwcrkqij7llzmytu5bjjlabh7acfri
HAS bafybeihhqyhhs2v23nbhu5fdbypwqm64br27uji7lbro4pfwry5pceuee4
HAS bafybeiatb64d73iwusl76qiwy6tmra4k2femqmsgwx5oqdvjaoiiowoj54
HAS bafkreibbizkkglhh754m7o7zvzoq3xkzf6s2wqbcxx4jzojtvlxfpt27nm
HAS bafybeicdvzvcxbnnt55vewcx263cyzd7naq35tzouu2f2v6miwzl6bvdiu
HAS bafkreiejaj5rq6cpatwcnbhc5zl7ogha2xdf6565bfqx64wl4j4stbhe7m
HAS bafybeicaglvj3xtdfqaj74y6kspfpje44hivdl3ipvm2kpovunbx55znxm
HAS bafybeiaoaik3vrjrmifgauwzm4usnqgbkj3cvrqzacwguoxnp6izczljze
HAS bafybeihchpjitktbz7guitrshel3bavcws4h4xwskza74fdtg3rtuoskeq
HAS bafkreif3pum4sed4hpp4ozicmsggikdeeypqtyhcgx7qxeqdh4nrbp3hii
HAS bafybeif6jtxqugobf6vagxgtdzuxwtzx6zzorvx6v6n7gx7px62w3m2uim
HAS bafkreiazv3oeahn7if5rq6bhgk5qyhdhlshldamubghqgu2aiic5m4f7pm
HAS bafybeigxakj2rtp6box5crxmpnmkuz2wjsaqgvmpn3kywmw6puci2qhuuu
HAS bafkreicrm7ggmvnrf4glgjh6dbxhzziupnn5zpc2uwbfksggiajssbccd4
HAS bafybeifajlhqvlfog7ywaldw3mqlocbv3dhtxuz7nk476efhxdozlzk55a
HAS bafkreigs63drmfbx52lafdktk6k6aa5cn5cs7eruwjg6owbsv3kght5bzy
HAS bafybeihrggoeuzywogvh4lpvo4n7em6gofinrifwtjaanookvnsmssd5ge
